<?xml version="1.0" encoding="UTF-8"?>
<coverage generated="1546367504975" clover="3.2.0">
  <project timestamp="1546367504975" name="All files">
    <metrics statements="61" coveredstatements="60" conditionals="13" coveredconditionals="10" methods="17" coveredmethods="17" elements="91" coveredelements="87" complexity="0" loc="61" ncloc="61" packages="4" files="8" classes="8">
      <package name="CalderaForm">
        <metrics statements="24" coveredstatements="24" conditionals="0" coveredconditionals="0" methods="6" coveredmethods="6"/>
        <file name="CalderaForm.js" path="/Users/josh/caldera/js-packages/forms/src/components/CalderaForm/CalderaForm.js">
          <metrics statements="12" coveredstatements="12" conditionals="0" coveredconditionals="0" methods="6" coveredmethods="6"/>
          <line num="8" count="1" type="stmt"/>
          <line num="9" count="2" type="stmt"/>
          <line num="24" count="3" type="stmt"/>
          <line num="26" count="6" type="stmt"/>
          <line num="27" count="6" type="stmt"/>
          <line num="39" count="12" type="stmt"/>
          <line num="40" count="12" type="stmt"/>
          <line num="48" count="15" type="stmt"/>
          <line num="49" count="15" type="stmt"/>
          <line num="51" count="15" type="stmt"/>
          <line num="56" count="1" type="stmt"/>
          <line num="89" count="1" type="stmt"/>
        </file>
        <file name="columns.fixtures.js" path="/Users/josh/caldera/js-packages/forms/src/components/CalderaForm/columns.fixtures.js">
          <metrics statements="5" coveredstatements="5" conditionals="0" coveredconditionals="0" methods="0" coveredmethods="0"/>
          <line num="12" count="1" type="stmt"/>
          <line num="28" count="1" type="stmt"/>
          <line num="44" count="1" type="stmt"/>
          <line num="46" count="1" type="stmt"/>
          <line num="67" count="1" type="stmt"/>
        </file>
        <file name="fields.fixtures.js" path="/Users/josh/caldera/js-packages/forms/src/components/CalderaForm/fields.fixtures.js">
          <metrics statements="7" coveredstatements="7" conditionals="0" coveredconditionals="0" methods="0" coveredmethods="0"/>
          <line num="1" count="1" type="stmt"/>
          <line num="30" count="1" type="stmt"/>
          <line num="47" count="1" type="stmt"/>
          <line num="64" count="1" type="stmt"/>
          <line num="75" count="1" type="stmt"/>
          <line num="88" count="1" type="stmt"/>
          <line num="97" count="1" type="stmt"/>
        </file>
      </package>
      <package name="CalderaForm.util">
        <metrics statements="8" coveredstatements="8" conditionals="0" coveredconditionals="0" methods="3" coveredmethods="3"/>
        <file name="getValuesFromFormLayout.js" path="/Users/josh/caldera/js-packages/forms/src/components/CalderaForm/util/getValuesFromFormLayout.js">
          <metrics statements="8" coveredstatements="8" conditionals="0" coveredconditionals="0" methods="3" coveredmethods="3"/>
          <line num="10" count="1" type="stmt"/>
          <line num="11" count="1" type="stmt"/>
          <line num="12" count="1" type="stmt"/>
          <line num="13" count="2" type="stmt"/>
          <line num="14" count="2" type="stmt"/>
          <line num="15" count="4" type="stmt"/>
          <line num="16" count="4" type="stmt"/>
          <line num="22" count="1" type="stmt"/>
        </file>
      </package>
      <package name="Http">
        <metrics statements="26" coveredstatements="25" conditionals="13" coveredconditionals="10" methods="7" coveredmethods="7"/>
        <file name="FormClient.js" path="/Users/josh/caldera/js-packages/forms/src/components/Http/FormClient.js">
          <metrics statements="10" coveredstatements="10" conditionals="2" coveredconditionals="2" methods="4" coveredmethods="4"/>
          <line num="11" count="4" type="stmt"/>
          <line num="15" count="4" type="stmt"/>
          <line num="17" count="4" type="stmt"/>
          <line num="18" count="3" type="stmt"/>
          <line num="29" count="4" type="stmt"/>
          <line num="30" count="3" type="stmt"/>
          <line num="42" count="4" type="stmt"/>
          <line num="43" count="4" type="cond" truecount="2" falsecount="0"/>
          <line num="44" count="3" type="stmt"/>
          <line num="53" count="4" type="stmt"/>
        </file>
        <file name="clientFactory.js" path="/Users/josh/caldera/js-packages/forms/src/components/Http/clientFactory.js">
          <metrics statements="6" coveredstatements="5" conditionals="7" coveredconditionals="4" methods="1" coveredmethods="1"/>
          <line num="3" count="1" type="cond" truecount="1" falsecount="2"/>
          <line num="5" count="1" type="cond" truecount="2" falsecount="0"/>
          <line num="8" count="1" type="cond" truecount="1" falsecount="1"/>
          <line num="9" count="1" type="stmt"/>
          <line num="11" count="1" type="stmt"/>
          <line num="16" count="0" type="stmt"/>
        </file>
        <file name="decoratorFactory.js" path="/Users/josh/caldera/js-packages/forms/src/components/Http/decoratorFactory.js">
          <metrics statements="10" coveredstatements="10" conditionals="4" coveredconditionals="4" methods="2" coveredmethods="2"/>
          <line num="9" count="3" type="stmt"/>
          <line num="10" count="10" type="stmt"/>
          <line num="12" count="15" type="cond" truecount="2" falsecount="0"/>
          <line num="17" count="2" type="cond" truecount="2" falsecount="0"/>
          <line num="18" count="1" type="stmt"/>
          <line num="19" count="1" type="stmt"/>
          <line num="21" count="1" type="stmt"/>
          <line num="24" count="10" type="stmt"/>
          <line num="35" count="3" type="stmt"/>
          <line num="36" count="5" type="stmt"/>
        </file>
      </package>
      <package name="Http.handlers">
        <metrics statements="3" coveredstatements="3" conditionals="0" coveredconditionals="0" methods="1" coveredmethods="1"/>
        <file name="submitForm.js" path="/Users/josh/caldera/js-packages/forms/src/components/Http/handlers/submitForm.js">
          <metrics statements="3" coveredstatements="3" conditionals="0" coveredconditionals="0" methods="1" coveredmethods="1"/>
          <line num="13" count="5" type="stmt"/>
          <line num="14" count="5" type="stmt"/>
          <line num="15" count="5" type="stmt"/>
        </file>
      </package>
    </metrics>
  </project>
</coverage>
