<?xml version="1.0" encoding="UTF-8"?>
<coverage generated="1546360308551" clover="3.2.0">
  <project timestamp="1546360308551" name="All files">
    <metrics statements="15" coveredstatements="14" conditionals="6" coveredconditionals="4" methods="4" coveredmethods="4" elements="25" coveredelements="22" complexity="0" loc="15" ncloc="15" packages="1" files="2" classes="2">
      <file name="FormClient.js" path="/Users/josh/caldera/js-packages/forms/src/components/Http/FormClient.js">
        <metrics statements="5" coveredstatements="5" conditionals="2" coveredconditionals="1" methods="2" coveredmethods="2"/>
        <line num="12" count="1" type="stmt"/>
        <line num="13" count="1" type="stmt"/>
        <line num="14" count="1" type="cond" truecount="1" falsecount="1"/>
        <line num="15" count="1" type="stmt"/>
        <line num="24" count="1" type="stmt"/>
      </file>
      <file name="decoratorFactory.js" path="/Users/josh/caldera/js-packages/forms/src/components/Http/decoratorFactory.js">
        <metrics statements="10" coveredstatements="9" conditionals="4" coveredconditionals="3" methods="2" coveredmethods="2"/>
        <line num="9" count="2" type="stmt"/>
        <line num="10" count="6" type="stmt"/>
        <line num="12" count="11" type="cond" truecount="2" falsecount="0"/>
        <line num="15" count="1" type="cond" truecount="1" falsecount="1"/>
        <line num="16" count="1" type="stmt"/>
        <line num="17" count="1" type="stmt"/>
        <line num="19" count="0" type="stmt"/>
        <line num="23" count="6" type="stmt"/>
        <line num="35" count="2" type="stmt"/>
        <line num="37" count="2" type="stmt"/>
      </file>
    </metrics>
  </project>
</coverage>
