{"/Users/josh/caldera/js-packages/forms/src/components/CalderaForm/CalderaForm.js": {"path":"/Users/josh/caldera/js-packages/forms/src/components/CalderaForm/CalderaForm.js","statementMap":{"0":{"start":{"line":8,"column":22},"end":{"line":95,"column":1}},"1":{"start":{"line":9,"column":1},"end":{"line":94,"column":12}},"2":{"start":{"line":14,"column":3},"end":{"line":22,"column":4}},"3":{"start":{"line":18,"column":8},"end":{"line":18,"column":42}},"4":{"start":{"line":19,"column":4},"end":{"line":21,"column":15}},"5":{"start":{"line":23,"column":30},"end":{"line":23,"column":37}},"6":{"start":{"line":24,"column":3},"end":{"line":92,"column":5}},"7":{"start":{"line":36,"column":10},"end":{"line":36,"column":16}},"8":{"start":{"line":38,"column":6},"end":{"line":46,"column":7}},"9":{"start":{"line":42,"column":11},"end":{"line":42,"column":43}},"10":{"start":{"line":43,"column":7},"end":{"line":45,"column":17}},"11":{"start":{"line":47,"column":6},"end":{"line":89,"column":8}},"12":{"start":{"line":55,"column":9},"end":{"line":63,"column":10}},"13":{"start":{"line":59,"column":14},"end":{"line":59,"column":44}},"14":{"start":{"line":60,"column":10},"end":{"line":62,"column":19}},"15":{"start":{"line":65,"column":29},"end":{"line":65,"column":34}},"16":{"start":{"line":66,"column":9},"end":{"line":67,"column":26}},"17":{"start":{"line":68,"column":9},"end":{"line":86,"column":11}},"18":{"start":{"line":73,"column":12},"end":{"line":77,"column":14}},"19":{"start":{"line":78,"column":12},"end":{"line":78,"column":29}},"20":{"start":{"line":98,"column":27},"end":{"line":133,"column":1}},"21":{"start":{"line":99,"column":1},"end":{"line":132,"column":3}},"22":{"start":{"line":114,"column":5},"end":{"line":128,"column":12}},"23":{"start":{"line":135,"column":0},"end":{"line":140,"column":2}},"24":{"start":{"line":141,"column":13},"end":{"line":141,"column":21}},"25":{"start":{"line":142,"column":0},"end":{"line":144,"column":1}}},"fnMap":{"0":{"name":"(anonymous_0)","decl":{"start":{"line":8,"column":22},"end":{"line":8,"column":23}},"loc":{"start":{"line":9,"column":1},"end":{"line":94,"column":12}},"line":9},"1":{"name":"(anonymous_1)","decl":{"start":{"line":10,"column":16},"end":{"line":10,"column":17}},"loc":{"start":{"line":10,"column":27},"end":{"line":93,"column":3}},"line":10},"2":{"name":"ifComponentElseIterateOn","decl":{"start":{"line":11,"column":12},"end":{"line":11,"column":36}},"loc":{"start":{"line":11,"column":61},"end":{"line":13,"column":4}},"line":11},"3":{"name":"(anonymous_3)","decl":{"start":{"line":30,"column":18},"end":{"line":30,"column":19}},"loc":{"start":{"line":30,"column":28},"end":{"line":90,"column":6}},"line":30},"4":{"name":"(anonymous_4)","decl":{"start":{"line":54,"column":20},"end":{"line":54,"column":21}},"loc":{"start":{"line":54,"column":29},"end":{"line":87,"column":9}},"line":54},"5":{"name":"(anonymous_5)","decl":{"start":{"line":72,"column":21},"end":{"line":72,"column":22}},"loc":{"start":{"line":72,"column":33},"end":{"line":79,"column":12}},"line":72},"6":{"name":"(anonymous_6)","decl":{"start":{"line":98,"column":27},"end":{"line":98,"column":28}},"loc":{"start":{"line":98,"column":79},"end":{"line":133,"column":1}},"line":98},"7":{"name":"(anonymous_7)","decl":{"start":{"line":104,"column":12},"end":{"line":104,"column":13}},"loc":{"start":{"line":114,"column":5},"end":{"line":128,"column":12}},"line":114},"8":{"name":"(anonymous_8)","decl":{"start":{"line":141,"column":13},"end":{"line":141,"column":14}},"loc":{"start":{"line":141,"column":19},"end":{"line":141,"column":21}},"line":141}},"branchMap":{"0":{"loc":{"start":{"line":14,"column":3},"end":{"line":22,"column":4}},"type":"if","locations":[{"start":{"line":14,"column":3},"end":{"line":22,"column":4}},{"start":{"line":14,"column":3},"end":{"line":22,"column":4}}],"line":14},"1":{"loc":{"start":{"line":18,"column":8},"end":{"line":18,"column":42}},"type":"cond-expr","locations":[{"start":{"line":18,"column":24},"end":{"line":18,"column":37}},{"start":{"line":18,"column":40},"end":{"line":18,"column":42}}],"line":18},"2":{"loc":{"start":{"line":20,"column":10},"end":{"line":20,"column":64}},"type":"cond-expr","locations":[{"start":{"line":20,"column":16},"end":{"line":20,"column":19}},{"start":{"line":20,"column":22},"end":{"line":20,"column":64}}],"line":20},"3":{"loc":{"start":{"line":20,"column":22},"end":{"line":20,"column":64}},"type":"cond-expr","locations":[{"start":{"line":20,"column":30},"end":{"line":20,"column":35}},{"start":{"line":20,"column":38},"end":{"line":20,"column":64}}],"line":20},"4":{"loc":{"start":{"line":38,"column":6},"end":{"line":46,"column":7}},"type":"if","locations":[{"start":{"line":38,"column":6},"end":{"line":46,"column":7}},{"start":{"line":38,"column":6},"end":{"line":46,"column":7}}],"line":38},"5":{"loc":{"start":{"line":42,"column":11},"end":{"line":42,"column":43}},"type":"cond-expr","locations":[{"start":{"line":42,"column":26},"end":{"line":42,"column":38}},{"start":{"line":42,"column":41},"end":{"line":42,"column":43}}],"line":42},"6":{"loc":{"start":{"line":44,"column":13},"end":{"line":44,"column":79}},"type":"cond-expr","locations":[{"start":{"line":44,"column":19},"end":{"line":44,"column":22}},{"start":{"line":44,"column":25},"end":{"line":44,"column":79}}],"line":44},"7":{"loc":{"start":{"line":44,"column":25},"end":{"line":44,"column":79}},"type":"cond-expr","locations":[{"start":{"line":44,"column":36},"end":{"line":44,"column":44}},{"start":{"line":44,"column":47},"end":{"line":44,"column":79}}],"line":44},"8":{"loc":{"start":{"line":55,"column":9},"end":{"line":63,"column":10}},"type":"if","locations":[{"start":{"line":55,"column":9},"end":{"line":63,"column":10}},{"start":{"line":55,"column":9},"end":{"line":63,"column":10}}],"line":55},"9":{"loc":{"start":{"line":59,"column":14},"end":{"line":59,"column":44}},"type":"cond-expr","locations":[{"start":{"line":59,"column":28},"end":{"line":59,"column":39}},{"start":{"line":59,"column":42},"end":{"line":59,"column":44}}],"line":59},"10":{"loc":{"start":{"line":61,"column":16},"end":{"line":61,"column":78}},"type":"cond-expr","locations":[{"start":{"line":61,"column":22},"end":{"line":61,"column":25}},{"start":{"line":61,"column":28},"end":{"line":61,"column":78}}],"line":61},"11":{"loc":{"start":{"line":61,"column":28},"end":{"line":61,"column":78}},"type":"cond-expr","locations":[{"start":{"line":61,"column":38},"end":{"line":61,"column":45}},{"start":{"line":61,"column":48},"end":{"line":61,"column":78}}],"line":61}},"s":{"0":1,"1":6,"2":12,"3":1,"4":1,"5":11,"6":11,"7":22,"8":22,"9":0,"10":0,"11":22,"12":27,"13":0,"14":0,"15":27,"16":27,"17":27,"18":2,"19":2,"20":1,"21":4,"22":6,"23":1,"24":1,"25":1},"f":{"0":6,"1":12,"2":0,"3":22,"4":27,"5":2,"6":4,"7":6,"8":1},"b":{"0":[1,11],"1":[1,0],"2":[0,1],"3":[0,1],"4":[0,22],"5":[0,0],"6":[0,0],"7":[0,0],"8":[0,27],"9":[0,0],"10":[0,0],"11":[0,0]},"_coverageSchema":"332fd63041d2c1bcb487cc26dd0d5f7d97098a6c","hash":"4aebbd5dc1c9861164aa63819f639e7f947604a8"}
,"/Users/josh/caldera/js-packages/forms/src/components/CalderaForm/columns.fixtures.js": {"path":"/Users/josh/caldera/js-packages/forms/src/components/CalderaForm/columns.fixtures.js","statementMap":{"0":{"start":{"line":12,"column":26},"end":{"line":26,"column":1}},"1":{"start":{"line":28,"column":26},"end":{"line":42,"column":1}},"2":{"start":{"line":44,"column":24},"end":{"line":44,"column":48}},"3":{"start":{"line":46,"column":26},"end":{"line":65,"column":1}},"4":{"start":{"line":67,"column":27},"end":{"line":67,"column":39}}},"fnMap":{},"branchMap":{},"s":{"0":1,"1":1,"2":1,"3":1,"4":1},"f":{},"b":{},"_coverageSchema":"332fd63041d2c1bcb487cc26dd0d5f7d97098a6c","hash":"b99aed301baf4409da0ece803eddfa33e25a48ca"}
,"/Users/josh/caldera/js-packages/forms/src/components/CalderaForm/fields.fixtures.js": {"path":"/Users/josh/caldera/js-packages/forms/src/components/CalderaForm/fields.fixtures.js","statementMap":{"0":{"start":{"line":1,"column":25},"end":{"line":28,"column":1}},"1":{"start":{"line":30,"column":20},"end":{"line":45,"column":1}},"2":{"start":{"line":47,"column":19},"end":{"line":62,"column":1}},"3":{"start":{"line":64,"column":22},"end":{"line":73,"column":1}},"4":{"start":{"line":75,"column":20},"end":{"line":86,"column":1}},"5":{"start":{"line":88,"column":18},"end":{"line":95,"column":1}},"6":{"start":{"line":97,"column":19},"end":{"line":107,"column":1}}},"fnMap":{},"branchMap":{},"s":{"0":1,"1":1,"2":1,"3":1,"4":1,"5":1,"6":1},"f":{},"b":{},"_coverageSchema":"332fd63041d2c1bcb487cc26dd0d5f7d97098a6c","hash":"c914297c4bededfb6ad12ab25433f336c1b80888"}
,"/Users/josh/caldera/js-packages/forms/src/components/CalderaForm/util/getValuesFromFormLayout.js": {"path":"/Users/josh/caldera/js-packages/forms/src/components/CalderaForm/util/getValuesFromFormLayout.js","statementMap":{"0":{"start":{"line":10,"column":39},"end":{"line":23,"column":1}},"1":{"start":{"line":11,"column":14},"end":{"line":11,"column":16}},"2":{"start":{"line":12,"column":1},"end":{"line":21,"column":4}},"3":{"start":{"line":13,"column":22},"end":{"line":13,"column":29}},"4":{"start":{"line":14,"column":2},"end":{"line":20,"column":5}},"5":{"start":{"line":15,"column":22},"end":{"line":15,"column":28}},"6":{"start":{"line":16,"column":3},"end":{"line":19,"column":5}},"7":{"start":{"line":22,"column":1},"end":{"line":22,"column":15}}},"fnMap":{"0":{"name":"(anonymous_0)","decl":{"start":{"line":10,"column":39},"end":{"line":10,"column":40}},"loc":{"start":{"line":10,"column":47},"end":{"line":23,"column":1}},"line":10},"1":{"name":"(anonymous_1)","decl":{"start":{"line":12,"column":10},"end":{"line":12,"column":11}},"loc":{"start":{"line":12,"column":21},"end":{"line":21,"column":2}},"line":12},"2":{"name":"(anonymous_2)","decl":{"start":{"line":14,"column":14},"end":{"line":14,"column":15}},"loc":{"start":{"line":14,"column":24},"end":{"line":20,"column":3}},"line":14}},"branchMap":{},"s":{"0":1,"1":1,"2":1,"3":2,"4":2,"5":4,"6":4,"7":1},"f":{"0":1,"1":2,"2":4},"b":{},"_coverageSchema":"332fd63041d2c1bcb487cc26dd0d5f7d97098a6c","hash":"f77bbc75cc95a56e7d524cb284e8d288cc62425b"}
,"/Users/josh/caldera/js-packages/forms/src/components/Http/FormClient.js": {"path":"/Users/josh/caldera/js-packages/forms/src/components/Http/FormClient.js","statementMap":{"0":{"start":{"line":11,"column":1},"end":{"line":11,"column":37}},"1":{"start":{"line":15,"column":5},"end":{"line":15,"column":12}},"2":{"start":{"line":17,"column":1},"end":{"line":22,"column":3}},"3":{"start":{"line":18,"column":2},"end":{"line":21,"column":3}},"4":{"start":{"line":24,"column":1},"end":{"line":26,"column":3}},"5":{"start":{"line":25,"column":2},"end":{"line":25,"column":33}},"6":{"start":{"line":28,"column":1},"end":{"line":30,"column":3}},"7":{"start":{"line":29,"column":2},"end":{"line":29,"column":26}},"8":{"start":{"line":36,"column":1},"end":{"line":42,"column":3}},"9":{"start":{"line":37,"column":2},"end":{"line":41,"column":3}},"10":{"start":{"line":49,"column":1},"end":{"line":53,"column":3}},"11":{"start":{"line":50,"column":2},"end":{"line":52,"column":3}},"12":{"start":{"line":51,"column":3},"end":{"line":51,"column":55}},"13":{"start":{"line":60,"column":1},"end":{"line":64,"column":4}}},"fnMap":{"0":{"name":"FormClient","decl":{"start":{"line":10,"column":24},"end":{"line":10,"column":34}},"loc":{"start":{"line":10,"column":50},"end":{"line":65,"column":1}},"line":10},"1":{"name":"(anonymous_1)","decl":{"start":{"line":17,"column":18},"end":{"line":17,"column":19}},"loc":{"start":{"line":17,"column":24},"end":{"line":22,"column":2}},"line":17},"2":{"name":"(anonymous_2)","decl":{"start":{"line":24,"column":23},"end":{"line":24,"column":24}},"loc":{"start":{"line":24,"column":40},"end":{"line":26,"column":2}},"line":24},"3":{"name":"(anonymous_3)","decl":{"start":{"line":28,"column":23},"end":{"line":28,"column":24}},"loc":{"start":{"line":28,"column":29},"end":{"line":30,"column":2}},"line":28},"4":{"name":"(anonymous_4)","decl":{"start":{"line":36,"column":23},"end":{"line":36,"column":24}},"loc":{"start":{"line":36,"column":29},"end":{"line":42,"column":2}},"line":36},"5":{"name":"(anonymous_5)","decl":{"start":{"line":49,"column":19},"end":{"line":49,"column":20}},"loc":{"start":{"line":49,"column":25},"end":{"line":53,"column":2}},"line":49}},"branchMap":{"0":{"loc":{"start":{"line":50,"column":2},"end":{"line":52,"column":3}},"type":"if","locations":[{"start":{"line":50,"column":2},"end":{"line":52,"column":3}},{"start":{"line":50,"column":2},"end":{"line":52,"column":3}}],"line":50}},"s":{"0":7,"1":7,"2":7,"3":4,"4":7,"5":1,"6":7,"7":1,"8":7,"9":4,"10":7,"11":5,"12":4,"13":7},"f":{"0":7,"1":4,"2":1,"3":1,"4":4,"5":5},"b":{"0":[4,1]},"_coverageSchema":"332fd63041d2c1bcb487cc26dd0d5f7d97098a6c","hash":"dd9e15e0620404776a7a857443abacc410424daf"}
,"/Users/josh/caldera/js-packages/forms/src/components/Http/clientFactory.js": {"path":"/Users/josh/caldera/js-packages/forms/src/components/Http/clientFactory.js","statementMap":{"0":{"start":{"line":16,"column":33},"end":{"line":32,"column":1}},"1":{"start":{"line":18,"column":1},"end":{"line":29,"column":2}},"2":{"start":{"line":21,"column":4},"end":{"line":23,"column":4}},"3":{"start":{"line":22,"column":5},"end":{"line":22,"column":38}},"4":{"start":{"line":24,"column":4},"end":{"line":28,"column":7}}},"fnMap":{"0":{"name":"(anonymous_0)","decl":{"start":{"line":16,"column":33},"end":{"line":16,"column":34}},"loc":{"start":{"line":16,"column":108},"end":{"line":32,"column":1}},"line":16}},"branchMap":{"0":{"loc":{"start":{"line":16,"column":51},"end":{"line":16,"column":67}},"type":"default-arg","locations":[{"start":{"line":16,"column":58},"end":{"line":16,"column":67}}],"line":16},"1":{"loc":{"start":{"line":16,"column":69},"end":{"line":16,"column":82}},"type":"default-arg","locations":[{"start":{"line":16,"column":80},"end":{"line":16,"column":82}}],"line":16},"2":{"loc":{"start":{"line":16,"column":83},"end":{"line":16,"column":103}},"type":"default-arg","locations":[{"start":{"line":16,"column":91},"end":{"line":16,"column":103}}],"line":16},"3":{"loc":{"start":{"line":18,"column":1},"end":{"line":29,"column":2}},"type":"switch","locations":[{"start":{"line":19,"column":2},"end":{"line":19,"column":17}},{"start":{"line":20,"column":2},"end":{"line":28,"column":7}}],"line":18},"4":{"loc":{"start":{"line":21,"column":4},"end":{"line":23,"column":4}},"type":"if","locations":[{"start":{"line":21,"column":4},"end":{"line":23,"column":4}},{"start":{"line":21,"column":4},"end":{"line":23,"column":4}}],"line":21}},"s":{"0":1,"1":2,"2":2,"3":1,"4":2},"f":{"0":2},"b":{"0":[0],"1":[0],"2":[2],"3":[2,2],"4":[1,1]},"_coverageSchema":"332fd63041d2c1bcb487cc26dd0d5f7d97098a6c","hash":"d14ecf46b8d27f918130c5e3c6443efd78ac1b7b"}
,"/Users/josh/caldera/js-packages/forms/src/components/Http/decoratorFactory.js": {"path":"/Users/josh/caldera/js-packages/forms/src/components/Http/decoratorFactory.js","statementMap":{"0":{"start":{"line":9,"column":37},"end":{"line":25,"column":1}},"1":{"start":{"line":10,"column":15},"end":{"line":23,"column":2}},"2":{"start":{"line":12,"column":3},"end":{"line":14,"column":11}},"3":{"start":{"line":17,"column":3},"end":{"line":20,"column":4}},"4":{"start":{"line":18,"column":4},"end":{"line":18,"column":34}},"5":{"start":{"line":19,"column":4},"end":{"line":19,"column":16}},"6":{"start":{"line":21,"column":3},"end":{"line":21,"column":16}},"7":{"start":{"line":24,"column":1},"end":{"line":24,"column":44}},"8":{"start":{"line":35,"column":48},"end":{"line":40,"column":1}},"9":{"start":{"line":36,"column":1},"end":{"line":39,"column":4}}},"fnMap":{"0":{"name":"(anonymous_0)","decl":{"start":{"line":9,"column":37},"end":{"line":9,"column":38}},"loc":{"start":{"line":9,"column":56},"end":{"line":25,"column":1}},"line":9},"1":{"name":"(anonymous_1)","decl":{"start":{"line":35,"column":48},"end":{"line":35,"column":49}},"loc":{"start":{"line":35,"column":78},"end":{"line":40,"column":1}},"line":35}},"branchMap":{"0":{"loc":{"start":{"line":12,"column":10},"end":{"line":14,"column":10}},"type":"cond-expr","locations":[{"start":{"line":13,"column":6},"end":{"line":13,"column":27}},{"start":{"line":14,"column":6},"end":{"line":14,"column":10}}],"line":12},"1":{"loc":{"start":{"line":17,"column":3},"end":{"line":20,"column":4}},"type":"if","locations":[{"start":{"line":17,"column":3},"end":{"line":20,"column":4}},{"start":{"line":17,"column":3},"end":{"line":20,"column":4}}],"line":17}},"s":{"0":3,"1":13,"2":19,"3":3,"4":2,"5":2,"6":1,"7":13,"8":3,"9":8},"f":{"0":13,"1":8},"b":{"0":[17,2],"1":[2,1]},"_coverageSchema":"332fd63041d2c1bcb487cc26dd0d5f7d97098a6c","hash":"48ead6fb9fe0c73a988a80ebefe650318d1ec13b"}
,"/Users/josh/caldera/js-packages/forms/src/components/Http/handlers/submitForm.js": {"path":"/Users/josh/caldera/js-packages/forms/src/components/Http/handlers/submitForm.js","statementMap":{"0":{"start":{"line":14,"column":5},"end":{"line":14,"column":17}},"1":{"start":{"line":15,"column":21},"end":{"line":15,"column":23}},"2":{"start":{"line":16,"column":1},"end":{"line":20,"column":4}},"3":{"start":{"line":17,"column":2},"end":{"line":19,"column":4}},"4":{"start":{"line":21,"column":13},"end":{"line":21,"column":39}},"5":{"start":{"line":22,"column":1},"end":{"line":34,"column":3}}},"fnMap":{"0":{"name":"submitForm","decl":{"start":{"line":9,"column":24},"end":{"line":9,"column":34}},"loc":{"start":{"line":9,"column":67},"end":{"line":35,"column":1}},"line":9},"1":{"name":"(anonymous_1)","decl":{"start":{"line":16,"column":34},"end":{"line":16,"column":35}},"loc":{"start":{"line":16,"column":45},"end":{"line":20,"column":2}},"line":16}},"branchMap":{},"s":{"0":6,"1":6,"2":6,"3":13,"4":6,"5":6},"f":{"0":6,"1":13},"b":{},"_coverageSchema":"332fd63041d2c1bcb487cc26dd0d5f7d97098a6c","hash":"b8fa35985a5d46dd3a7b9a17f5dce0e57e2c93de"}
}
