{"/Users/josh/caldera/js-packages/forms/src/components/CalderaForm/CalderaForm.js": {"path":"/Users/josh/caldera/js-packages/forms/src/components/CalderaForm/CalderaForm.js","statementMap":{"0":{"start":{"line":8,"column":27},"end":{"line":87,"column":1}},"1":{"start":{"line":9,"column":1},"end":{"line":86,"column":3}},"2":{"start":{"line":24,"column":5},"end":{"line":82,"column":12}},"3":{"start":{"line":26,"column":34},"end":{"line":26,"column":41}},"4":{"start":{"line":27,"column":7},"end":{"line":74,"column":9}},"5":{"start":{"line":39,"column":14},"end":{"line":39,"column":20}},"6":{"start":{"line":40,"column":10},"end":{"line":71,"column":12}},"7":{"start":{"line":48,"column":33},"end":{"line":48,"column":38}},"8":{"start":{"line":49,"column":13},"end":{"line":50,"column":30}},"9":{"start":{"line":51,"column":13},"end":{"line":68,"column":15}},"10":{"start":{"line":56,"column":16},"end":{"line":60,"column":18}},"11":{"start":{"line":89,"column":0},"end":{"line":93,"column":2}}},"fnMap":{"0":{"name":"(anonymous_0)","decl":{"start":{"line":8,"column":27},"end":{"line":8,"column":28}},"loc":{"start":{"line":8,"column":70},"end":{"line":87,"column":1}},"line":8},"1":{"name":"(anonymous_1)","decl":{"start":{"line":14,"column":12},"end":{"line":14,"column":13}},"loc":{"start":{"line":24,"column":5},"end":{"line":82,"column":12}},"line":24},"2":{"name":"(anonymous_2)","decl":{"start":{"line":25,"column":20},"end":{"line":25,"column":21}},"loc":{"start":{"line":25,"column":31},"end":{"line":75,"column":7}},"line":25},"3":{"name":"(anonymous_3)","decl":{"start":{"line":33,"column":22},"end":{"line":33,"column":23}},"loc":{"start":{"line":33,"column":32},"end":{"line":72,"column":10}},"line":33},"4":{"name":"(anonymous_4)","decl":{"start":{"line":47,"column":24},"end":{"line":47,"column":25}},"loc":{"start":{"line":47,"column":33},"end":{"line":69,"column":13}},"line":47},"5":{"name":"(anonymous_5)","decl":{"start":{"line":55,"column":25},"end":{"line":55,"column":26}},"loc":{"start":{"line":55,"column":37},"end":{"line":61,"column":16}},"line":55}},"branchMap":{},"s":{"0":1,"1":2,"2":3,"3":6,"4":6,"5":12,"6":12,"7":15,"8":15,"9":15,"10":1,"11":1},"f":{"0":2,"1":3,"2":6,"3":12,"4":15,"5":1},"b":{},"_coverageSchema":"332fd63041d2c1bcb487cc26dd0d5f7d97098a6c","hash":"a9963f89f72001d8627d5f8d3d058712351ec118"}
,"/Users/josh/caldera/js-packages/forms/src/components/CalderaForm/columns.fixtures.js": {"path":"/Users/josh/caldera/js-packages/forms/src/components/CalderaForm/columns.fixtures.js","statementMap":{"0":{"start":{"line":12,"column":26},"end":{"line":26,"column":1}},"1":{"start":{"line":28,"column":26},"end":{"line":42,"column":1}},"2":{"start":{"line":44,"column":24},"end":{"line":44,"column":48}},"3":{"start":{"line":46,"column":26},"end":{"line":65,"column":1}},"4":{"start":{"line":67,"column":27},"end":{"line":67,"column":39}}},"fnMap":{},"branchMap":{},"s":{"0":1,"1":1,"2":1,"3":1,"4":1},"f":{},"b":{},"_coverageSchema":"332fd63041d2c1bcb487cc26dd0d5f7d97098a6c","hash":"b99aed301baf4409da0ece803eddfa33e25a48ca"}
,"/Users/josh/caldera/js-packages/forms/src/components/CalderaForm/fields.fixtures.js": {"path":"/Users/josh/caldera/js-packages/forms/src/components/CalderaForm/fields.fixtures.js","statementMap":{"0":{"start":{"line":1,"column":25},"end":{"line":28,"column":1}},"1":{"start":{"line":30,"column":20},"end":{"line":45,"column":1}},"2":{"start":{"line":47,"column":19},"end":{"line":62,"column":1}},"3":{"start":{"line":64,"column":22},"end":{"line":73,"column":1}},"4":{"start":{"line":75,"column":20},"end":{"line":86,"column":1}},"5":{"start":{"line":88,"column":18},"end":{"line":95,"column":1}},"6":{"start":{"line":97,"column":19},"end":{"line":107,"column":1}}},"fnMap":{},"branchMap":{},"s":{"0":1,"1":1,"2":1,"3":1,"4":1,"5":1,"6":1},"f":{},"b":{},"_coverageSchema":"332fd63041d2c1bcb487cc26dd0d5f7d97098a6c","hash":"c914297c4bededfb6ad12ab25433f336c1b80888"}
,"/Users/josh/caldera/js-packages/forms/src/components/CalderaForm/util/getValuesFromFormLayout.js": {"path":"/Users/josh/caldera/js-packages/forms/src/components/CalderaForm/util/getValuesFromFormLayout.js","statementMap":{"0":{"start":{"line":10,"column":39},"end":{"line":23,"column":1}},"1":{"start":{"line":11,"column":14},"end":{"line":11,"column":16}},"2":{"start":{"line":12,"column":1},"end":{"line":21,"column":4}},"3":{"start":{"line":13,"column":22},"end":{"line":13,"column":29}},"4":{"start":{"line":14,"column":2},"end":{"line":20,"column":5}},"5":{"start":{"line":15,"column":22},"end":{"line":15,"column":28}},"6":{"start":{"line":16,"column":3},"end":{"line":19,"column":5}},"7":{"start":{"line":22,"column":1},"end":{"line":22,"column":15}}},"fnMap":{"0":{"name":"(anonymous_0)","decl":{"start":{"line":10,"column":39},"end":{"line":10,"column":40}},"loc":{"start":{"line":10,"column":47},"end":{"line":23,"column":1}},"line":10},"1":{"name":"(anonymous_1)","decl":{"start":{"line":12,"column":10},"end":{"line":12,"column":11}},"loc":{"start":{"line":12,"column":21},"end":{"line":21,"column":2}},"line":12},"2":{"name":"(anonymous_2)","decl":{"start":{"line":14,"column":14},"end":{"line":14,"column":15}},"loc":{"start":{"line":14,"column":24},"end":{"line":20,"column":3}},"line":14}},"branchMap":{},"s":{"0":1,"1":1,"2":1,"3":2,"4":2,"5":4,"6":4,"7":1},"f":{"0":1,"1":2,"2":4},"b":{},"_coverageSchema":"332fd63041d2c1bcb487cc26dd0d5f7d97098a6c","hash":"f77bbc75cc95a56e7d524cb284e8d288cc62425b"}
,"/Users/josh/caldera/js-packages/forms/src/components/Http/FormClient.js": {"path":"/Users/josh/caldera/js-packages/forms/src/components/Http/FormClient.js","statementMap":{"0":{"start":{"line":11,"column":25},"end":{"line":11,"column":29}},"1":{"start":{"line":12,"column":1},"end":{"line":16,"column":3}},"2":{"start":{"line":13,"column":2},"end":{"line":15,"column":3}},"3":{"start":{"line":14,"column":3},"end":{"line":14,"column":45}},"4":{"start":{"line":23,"column":1},"end":{"line":25,"column":4}}},"fnMap":{"0":{"name":"FormClient","decl":{"start":{"line":10,"column":24},"end":{"line":10,"column":34}},"loc":{"start":{"line":10,"column":50},"end":{"line":26,"column":1}},"line":10},"1":{"name":"(anonymous_1)","decl":{"start":{"line":12,"column":19},"end":{"line":12,"column":20}},"loc":{"start":{"line":12,"column":25},"end":{"line":16,"column":2}},"line":12}},"branchMap":{"0":{"loc":{"start":{"line":13,"column":2},"end":{"line":15,"column":3}},"type":"if","locations":[{"start":{"line":13,"column":2},"end":{"line":15,"column":3}},{"start":{"line":13,"column":2},"end":{"line":15,"column":3}}],"line":13}},"s":{"0":1,"1":1,"2":1,"3":1,"4":1},"f":{"0":1,"1":1},"b":{"0":[1,0]},"_coverageSchema":"332fd63041d2c1bcb487cc26dd0d5f7d97098a6c","hash":"18156c8e90100d947a1cfbe816cb68ee0dc71f9a"}
,"/Users/josh/caldera/js-packages/forms/src/components/Http/decoratorFactory.js": {"path":"/Users/josh/caldera/js-packages/forms/src/components/Http/decoratorFactory.js","statementMap":{"0":{"start":{"line":9,"column":37},"end":{"line":25,"column":1}},"1":{"start":{"line":10,"column":15},"end":{"line":23,"column":2}},"2":{"start":{"line":12,"column":3},"end":{"line":14,"column":11}},"3":{"start":{"line":17,"column":3},"end":{"line":20,"column":4}},"4":{"start":{"line":18,"column":4},"end":{"line":18,"column":34}},"5":{"start":{"line":19,"column":4},"end":{"line":19,"column":16}},"6":{"start":{"line":21,"column":3},"end":{"line":21,"column":16}},"7":{"start":{"line":24,"column":1},"end":{"line":24,"column":44}},"8":{"start":{"line":35,"column":48},"end":{"line":40,"column":1}},"9":{"start":{"line":36,"column":1},"end":{"line":39,"column":4}}},"fnMap":{"0":{"name":"(anonymous_0)","decl":{"start":{"line":9,"column":37},"end":{"line":9,"column":38}},"loc":{"start":{"line":9,"column":56},"end":{"line":25,"column":1}},"line":9},"1":{"name":"(anonymous_1)","decl":{"start":{"line":35,"column":48},"end":{"line":35,"column":49}},"loc":{"start":{"line":35,"column":78},"end":{"line":40,"column":1}},"line":35}},"branchMap":{"0":{"loc":{"start":{"line":12,"column":10},"end":{"line":14,"column":10}},"type":"cond-expr","locations":[{"start":{"line":13,"column":6},"end":{"line":13,"column":27}},{"start":{"line":14,"column":6},"end":{"line":14,"column":10}}],"line":12},"1":{"loc":{"start":{"line":17,"column":3},"end":{"line":20,"column":4}},"type":"if","locations":[{"start":{"line":17,"column":3},"end":{"line":20,"column":4}},{"start":{"line":17,"column":3},"end":{"line":20,"column":4}}],"line":17}},"s":{"0":2,"1":6,"2":11,"3":1,"4":1,"5":1,"6":0,"7":6,"8":2,"9":2},"f":{"0":6,"1":2},"b":{"0":[9,2],"1":[1,0]},"_coverageSchema":"332fd63041d2c1bcb487cc26dd0d5f7d97098a6c","hash":"48ead6fb9fe0c73a988a80ebefe650318d1ec13b"}
}
