TN:
SF:/Users/josh/caldera/js-packages/forms/src/components/CalderaForm/CalderaForm.js
FN:21,(anonymous_0)
FN:23,(anonymous_1)
FN:40,(anonymous_2)
FN:54,(anonymous_3)
FN:71,(anonymous_4)
FN:104,(anonymous_5)
FN:113,(anonymous_6)
FN:119,(anonymous_7)
FN:161,(anonymous_8)
FNF:9
FNH:8
FNDA:6,(anonymous_0)
FNDA:12,(anonymous_1)
FNDA:22,(anonymous_2)
FNDA:27,(anonymous_3)
FNDA:2,(anonymous_4)
FNDA:0,(anonymous_5)
FNDA:4,(anonymous_6)
FNDA:6,(anonymous_7)
FNDA:1,(anonymous_8)
DA:21,1
DA:22,6
DA:24,12
DA:28,1
DA:29,1
DA:33,11
DA:34,11
DA:46,22
DA:47,22
DA:55,27
DA:59,0
DA:60,0
DA:65,27
DA:66,27
DA:67,27
DA:72,2
DA:77,2
DA:94,1
DA:104,1
DA:105,1
DA:113,1
DA:114,4
DA:129,6
DA:152,1
DA:161,1
DA:162,1
LF:26
LH:24
BRDA:24,0,0,1
BRDA:24,0,1,11
BRDA:28,1,0,1
BRDA:28,1,1,0
BRDA:30,2,0,0
BRDA:30,2,1,1
BRDA:30,3,0,0
BRDA:30,3,1,1
BRDA:55,4,0,0
BRDA:55,4,1,27
BRDA:59,5,0,0
BRDA:59,5,1,0
BRDA:61,6,0,0
BRDA:61,6,1,0
BRDA:61,7,0,0
BRDA:61,7,1,0
BRF:16
BRH:6
end_of_record
TN:
SF:/Users/josh/caldera/js-packages/forms/src/components/CalderaForm/columns.fixtures.js
FNF:0
FNH:0
DA:12,1
DA:28,1
DA:44,1
DA:46,1
DA:67,1
LF:5
LH:5
BRF:0
BRH:0
end_of_record
TN:
SF:/Users/josh/caldera/js-packages/forms/src/components/CalderaForm/fields.fixtures.js
FNF:0
FNH:0
DA:1,1
DA:30,1
DA:47,1
DA:64,1
DA:75,1
DA:88,1
DA:97,1
LF:7
LH:7
BRF:0
BRH:0
end_of_record
TN:
SF:/Users/josh/caldera/js-packages/forms/src/components/CalderaForm/util/getValuesFromFormLayout.js
FN:10,(anonymous_0)
FN:12,(anonymous_1)
FN:14,(anonymous_2)
FNF:3
FNH:3
FNDA:1,(anonymous_0)
FNDA:2,(anonymous_1)
FNDA:4,(anonymous_2)
DA:10,1
DA:11,1
DA:12,1
DA:13,2
DA:14,2
DA:15,4
DA:16,4
DA:22,1
LF:8
LH:8
BRF:0
BRH:0
end_of_record
