TN:
SF:/Users/josh/caldera/js-packages/forms/src/components/CalderaForm/CalderaForm.js
FN:8,(anonymous_0)
FN:14,(anonymous_1)
FN:25,(anonymous_2)
FN:33,(anonymous_3)
FN:47,(anonymous_4)
FN:55,(anonymous_5)
FN:96,(anonymous_6)
FNF:7
FNH:7
FNDA:3,(anonymous_0)
FNDA:5,(anonymous_1)
FNDA:10,(anonymous_2)
FNDA:20,(anonymous_3)
FNDA:25,(anonymous_4)
FNDA:2,(anonymous_5)
FNDA:1,(anonymous_6)
DA:8,1
DA:9,3
DA:24,5
DA:26,10
DA:27,10
DA:39,20
DA:40,20
DA:48,25
DA:49,25
DA:51,25
DA:56,2
DA:61,2
DA:90,1
DA:96,1
DA:97,1
LF:15
LH:15
BRF:0
BRH:0
end_of_record
TN:
SF:/Users/josh/caldera/js-packages/forms/src/components/CalderaForm/columns.fixtures.js
FNF:0
FNH:0
DA:12,1
DA:28,1
DA:44,1
DA:46,1
DA:67,1
LF:5
LH:5
BRF:0
BRH:0
end_of_record
TN:
SF:/Users/josh/caldera/js-packages/forms/src/components/CalderaForm/fields.fixtures.js
FNF:0
FNH:0
DA:1,1
DA:30,1
DA:47,1
DA:64,1
DA:75,1
DA:88,1
DA:97,1
LF:7
LH:7
BRF:0
BRH:0
end_of_record
TN:
SF:/Users/josh/caldera/js-packages/forms/src/components/CalderaForm/util/getValuesFromFormLayout.js
FN:10,(anonymous_0)
FN:12,(anonymous_1)
FN:14,(anonymous_2)
FNF:3
FNH:3
FNDA:1,(anonymous_0)
FNDA:2,(anonymous_1)
FNDA:4,(anonymous_2)
DA:10,1
DA:11,1
DA:12,1
DA:13,2
DA:14,2
DA:15,4
DA:16,4
DA:22,1
LF:8
LH:8
BRF:0
BRH:0
end_of_record
TN:
SF:/Users/josh/caldera/js-packages/forms/src/components/Http/FormClient.js
FN:10,FormClient
FN:17,(anonymous_1)
FN:24,(anonymous_2)
FN:28,(anonymous_3)
FN:36,(anonymous_4)
FN:49,(anonymous_5)
FNF:6
FNH:6
FNDA:6,FormClient
FNDA:3,(anonymous_1)
FNDA:1,(anonymous_2)
FNDA:1,(anonymous_3)
FNDA:3,(anonymous_4)
FNDA:4,(anonymous_5)
DA:11,6
DA:15,6
DA:17,6
DA:18,3
DA:24,6
DA:25,1
DA:28,6
DA:29,1
DA:36,6
DA:37,3
DA:49,6
DA:50,4
DA:51,3
DA:60,6
LF:14
LH:14
BRDA:50,0,0,3
BRDA:50,0,1,1
BRF:2
BRH:2
end_of_record
TN:
SF:/Users/josh/caldera/js-packages/forms/src/components/Http/clientFactory.js
FN:16,(anonymous_0)
FNF:1
FNH:1
FNDA:1,(anonymous_0)
DA:16,1
DA:18,1
DA:21,1
DA:22,1
DA:24,1
DA:29,0
LF:6
LH:5
BRDA:16,0,0,0
BRDA:16,1,0,0
BRDA:16,2,0,1
BRDA:18,3,0,1
BRDA:18,3,1,1
BRDA:21,4,0,1
BRDA:21,4,1,0
BRF:7
BRH:4
end_of_record
TN:
SF:/Users/josh/caldera/js-packages/forms/src/components/Http/decoratorFactory.js
FN:9,(anonymous_0)
FN:35,(anonymous_1)
FNF:2
FNH:2
FNDA:12,(anonymous_0)
FNDA:7,(anonymous_1)
DA:9,3
DA:10,12
DA:12,18
DA:17,3
DA:18,2
DA:19,2
DA:21,1
DA:24,12
DA:35,3
DA:36,7
LF:10
LH:10
BRDA:12,0,0,16
BRDA:12,0,1,2
BRDA:17,1,0,2
BRDA:17,1,1,1
BRF:4
BRH:4
end_of_record
TN:
SF:/Users/josh/caldera/js-packages/forms/src/components/Http/handlers/submitForm.js
FN:9,submitForm
FN:16,(anonymous_1)
FNF:2
FNH:2
FNDA:6,submitForm
FNDA:13,(anonymous_1)
DA:14,6
DA:15,6
DA:16,6
DA:17,13
DA:21,6
DA:22,6
LF:6
LH:6
BRF:0
BRH:0
end_of_record
