<?xml version="1.0" encoding="UTF-8"?>
<coverage generated="1546208505411" clover="3.2.0">
  <project timestamp="1546208505411" name="All files">
    <metrics statements="50" coveredstatements="48" conditionals="22" coveredconditionals="19" methods="13" coveredmethods="12" elements="85" coveredelements="79" complexity="0" loc="50" ncloc="50" packages="5" files="8" classes="8">
      <package name="components">
        <metrics statements="4" coveredstatements="4" conditionals="4" coveredconditionals="4" methods="1" coveredmethods="1"/>
        <file name="header.js" path="/Users/josh/caldera/js-packages/shared/src/components/header.js">
          <metrics statements="4" coveredstatements="4" conditionals="4" coveredconditionals="4" methods="1" coveredmethods="1"/>
          <line num="2" count="1" type="stmt"/>
          <line num="5" count="2" type="stmt"/>
          <line num="6" count="2" type="stmt"/>
          <line num="24" count="2" type="stmt"/>
        </file>
      </package>
      <package name="components.fields.FieldLabel">
        <metrics statements="2" coveredstatements="2" conditionals="0" coveredconditionals="0" methods="1" coveredmethods="1"/>
        <file name="FieldLabel.js" path="/Users/josh/caldera/js-packages/shared/src/components/fields/FieldLabel/FieldLabel.js">
          <metrics statements="2" coveredstatements="2" conditionals="0" coveredconditionals="0" methods="1" coveredmethods="1"/>
          <line num="7" count="4" type="stmt"/>
          <line num="8" count="5" type="stmt"/>
        </file>
      </package>
      <package name="components.fields.FieldWrapper">
        <metrics statements="3" coveredstatements="3" conditionals="0" coveredconditionals="0" methods="1" coveredmethods="1"/>
        <file name="FieldWrapper.js" path="/Users/josh/caldera/js-packages/shared/src/components/fields/FieldWrapper/FieldWrapper.js">
          <metrics statements="3" coveredstatements="3" conditionals="0" coveredconditionals="0" methods="1" coveredmethods="1"/>
          <line num="5" count="4" type="stmt"/>
          <line num="6" count="5" type="stmt"/>
          <line num="13" count="4" type="stmt"/>
        </file>
      </package>
      <package name="components.fields.TextField">
        <metrics statements="6" coveredstatements="6" conditionals="2" coveredconditionals="2" methods="2" coveredmethods="1"/>
        <file name="InputField.js" path="/Users/josh/caldera/js-packages/shared/src/components/fields/TextField/InputField.js">
          <metrics statements="6" coveredstatements="6" conditionals="2" coveredconditionals="2" methods="2" coveredmethods="1"/>
          <line num="9" count="3" type="stmt"/>
          <line num="22" count="4" type="cond" truecount="2" falsecount="0"/>
          <line num="23" count="4" type="stmt"/>
          <line num="24" count="4" type="stmt"/>
          <line num="45" count="3" type="stmt"/>
          <line num="62" count="3" type="stmt"/>
        </file>
      </package>
      <package name="components.fields.util">
        <metrics statements="35" coveredstatements="33" conditionals="16" coveredconditionals="13" methods="8" coveredmethods="8"/>
        <file name="fieldClassNames.js" path="/Users/josh/caldera/js-packages/shared/src/components/fields/util/fieldClassNames.js">
          <metrics statements="2" coveredstatements="2" conditionals="0" coveredconditionals="0" methods="1" coveredmethods="1"/>
          <line num="6" count="6" type="stmt"/>
          <line num="7" count="6" type="stmt"/>
        </file>
        <file name="index.js" path="/Users/josh/caldera/js-packages/shared/src/components/fields/util/index.js">
          <metrics statements="13" coveredstatements="13" conditionals="9" coveredconditionals="9" methods="4" coveredmethods="4"/>
          <line num="9" count="16" type="stmt"/>
          <line num="29" count="6" type="stmt"/>
          <line num="30" count="16" type="stmt"/>
          <line num="41" count="6" type="stmt"/>
          <line num="42" count="10" type="stmt"/>
          <line num="43" count="10" type="cond" truecount="2" falsecount="0"/>
          <line num="44" count="2" type="stmt"/>
          <line num="46" count="8" type="stmt"/>
          <line num="48" count="10" type="stmt"/>
          <line num="57" count="6" type="stmt"/>
          <line num="58" count="8" type="cond" truecount="7" falsecount="0"/>
          <line num="65" count="6" type="stmt"/>
          <line num="67" count="2" type="stmt"/>
        </file>
        <file name="labelClassNames.js" path="/Users/josh/caldera/js-packages/shared/src/components/fields/util/labelClassNames.js">
          <metrics statements="2" coveredstatements="2" conditionals="0" coveredconditionals="0" methods="1" coveredmethods="1"/>
          <line num="6" count="6" type="stmt"/>
          <line num="7" count="6" type="stmt"/>
        </file>
        <file name="parseAttributes.js" path="/Users/josh/caldera/js-packages/shared/src/components/fields/util/parseAttributes.js">
          <metrics statements="18" coveredstatements="16" conditionals="7" coveredconditionals="4" methods="2" coveredmethods="2"/>
          <line num="1" count="6" type="stmt"/>
          <line num="15" count="6" type="stmt"/>
          <line num="23" count="6" type="stmt"/>
          <line num="39" count="6" type="cond" truecount="0" falsecount="1"/>
          <line num="41" count="8" type="cond" truecount="2" falsecount="2"/>
          <line num="43" count="2" type="stmt"/>
          <line num="44" count="2" type="stmt"/>
          <line num="46" count="2" type="stmt"/>
          <line num="47" count="2" type="stmt"/>
          <line num="50" count="0" type="stmt"/>
          <line num="51" count="0" type="stmt"/>
          <line num="55" count="8" type="stmt"/>
          <line num="57" count="8" type="stmt"/>
          <line num="61" count="8" type="stmt"/>
          <line num="62" count="16" type="cond" truecount="2" falsecount="0"/>
          <line num="63" count="3" type="stmt"/>
          <line num="64" count="3" type="stmt"/>
          <line num="68" count="8" type="stmt"/>
        </file>
      </package>
    </metrics>
  </project>
</coverage>
