<?xml version="1.0" encoding="UTF-8"?>
<coverage generated="1546209764825" clover="3.2.0">
  <project timestamp="1546209764825" name="All files">
    <metrics statements="61" coveredstatements="61" conditionals="25" coveredconditionals="23" methods="16" coveredmethods="15" elements="102" coveredelements="99" complexity="0" loc="61" ncloc="61" packages="7" files="11" classes="11">
      <package name="components">
        <metrics statements="4" coveredstatements="4" conditionals="4" coveredconditionals="4" methods="1" coveredmethods="1"/>
        <file name="header.js" path="/Users/josh/caldera/js-packages/shared/src/components/header.js">
          <metrics statements="4" coveredstatements="4" conditionals="4" coveredconditionals="4" methods="1" coveredmethods="1"/>
          <line num="2" count="1" type="stmt"/>
          <line num="5" count="2" type="stmt"/>
          <line num="6" count="2" type="stmt"/>
          <line num="24" count="2" type="stmt"/>
        </file>
      </package>
      <package name="components.fields.FieldLabel">
        <metrics statements="2" coveredstatements="2" conditionals="0" coveredconditionals="0" methods="1" coveredmethods="1"/>
        <file name="FieldLabel.js" path="/Users/josh/caldera/js-packages/shared/src/components/fields/FieldLabel/FieldLabel.js">
          <metrics statements="2" coveredstatements="2" conditionals="0" coveredconditionals="0" methods="1" coveredmethods="1"/>
          <line num="7" count="4" type="stmt"/>
          <line num="8" count="5" type="stmt"/>
        </file>
      </package>
      <package name="components.fields.FieldSet">
        <metrics statements="4" coveredstatements="4" conditionals="0" coveredconditionals="0" methods="1" coveredmethods="1"/>
        <file name="FieldSet.js" path="/Users/josh/caldera/js-packages/shared/src/components/fields/FieldSet/FieldSet.js">
          <metrics statements="4" coveredstatements="4" conditionals="0" coveredconditionals="0" methods="1" coveredmethods="1"/>
          <line num="13" count="1" type="stmt"/>
          <line num="14" count="1" type="stmt"/>
          <line num="15" count="1" type="stmt"/>
          <line num="28" count="1" type="stmt"/>
        </file>
      </package>
      <package name="components.fields.FieldWrapper">
        <metrics statements="3" coveredstatements="3" conditionals="0" coveredconditionals="0" methods="1" coveredmethods="1"/>
        <file name="FieldWrapper.js" path="/Users/josh/caldera/js-packages/shared/src/components/fields/FieldWrapper/FieldWrapper.js">
          <metrics statements="3" coveredstatements="3" conditionals="0" coveredconditionals="0" methods="1" coveredmethods="1"/>
          <line num="5" count="4" type="stmt"/>
          <line num="6" count="5" type="stmt"/>
          <line num="13" count="4" type="stmt"/>
        </file>
      </package>
      <package name="components.fields.InputField">
        <metrics statements="6" coveredstatements="6" conditionals="2" coveredconditionals="2" methods="2" coveredmethods="1"/>
        <file name="InputField.js" path="/Users/josh/caldera/js-packages/shared/src/components/fields/InputField/InputField.js">
          <metrics statements="6" coveredstatements="6" conditionals="2" coveredconditionals="2" methods="2" coveredmethods="1"/>
          <line num="9" count="3" type="stmt"/>
          <line num="22" count="4" type="cond" truecount="2" falsecount="0"/>
          <line num="23" count="4" type="stmt"/>
          <line num="24" count="4" type="stmt"/>
          <line num="45" count="3" type="stmt"/>
          <line num="62" count="3" type="stmt"/>
        </file>
      </package>
      <package name="components.fields.controls">
        <metrics statements="2" coveredstatements="2" conditionals="0" coveredconditionals="0" methods="1" coveredmethods="1"/>
        <file name="Input.js" path="/Users/josh/caldera/js-packages/shared/src/components/fields/controls/Input.js">
          <metrics statements="2" coveredstatements="2" conditionals="0" coveredconditionals="0" methods="1" coveredmethods="1"/>
          <line num="4" count="3" type="stmt"/>
          <line num="17" count="4" type="stmt"/>
        </file>
      </package>
      <package name="components.fields.util">
        <metrics statements="40" coveredstatements="40" conditionals="19" coveredconditionals="17" methods="9" coveredmethods="9"/>
        <file name="fieldClassNames.js" path="/Users/josh/caldera/js-packages/shared/src/components/fields/util/fieldClassNames.js">
          <metrics statements="2" coveredstatements="2" conditionals="0" coveredconditionals="0" methods="1" coveredmethods="1"/>
          <line num="6" count="7" type="stmt"/>
          <line num="7" count="6" type="stmt"/>
        </file>
        <file name="fieldSetClassNames.js" path="/Users/josh/caldera/js-packages/shared/src/components/fields/util/fieldSetClassNames.js">
          <metrics statements="2" coveredstatements="2" conditionals="0" coveredconditionals="0" methods="1" coveredmethods="1"/>
          <line num="6" count="7" type="stmt"/>
          <line num="7" count="2" type="stmt"/>
        </file>
        <file name="index.js" path="/Users/josh/caldera/js-packages/shared/src/components/fields/util/index.js">
          <metrics statements="13" coveredstatements="13" conditionals="9" coveredconditionals="9" methods="4" coveredmethods="4"/>
          <line num="10" count="16" type="stmt"/>
          <line num="30" count="7" type="stmt"/>
          <line num="31" count="16" type="stmt"/>
          <line num="42" count="7" type="stmt"/>
          <line num="43" count="10" type="stmt"/>
          <line num="44" count="10" type="cond" truecount="2" falsecount="0"/>
          <line num="45" count="2" type="stmt"/>
          <line num="47" count="8" type="stmt"/>
          <line num="49" count="10" type="stmt"/>
          <line num="58" count="7" type="stmt"/>
          <line num="59" count="8" type="cond" truecount="7" falsecount="0"/>
          <line num="66" count="6" type="stmt"/>
          <line num="68" count="2" type="stmt"/>
        </file>
        <file name="labelClassNames.js" path="/Users/josh/caldera/js-packages/shared/src/components/fields/util/labelClassNames.js">
          <metrics statements="2" coveredstatements="2" conditionals="0" coveredconditionals="0" methods="1" coveredmethods="1"/>
          <line num="6" count="7" type="stmt"/>
          <line num="7" count="6" type="stmt"/>
        </file>
        <file name="parseAttributes.js" path="/Users/josh/caldera/js-packages/shared/src/components/fields/util/parseAttributes.js">
          <metrics statements="21" coveredstatements="21" conditionals="10" coveredconditionals="8" methods="2" coveredmethods="2"/>
          <line num="1" count="7" type="stmt"/>
          <line num="15" count="7" type="stmt"/>
          <line num="23" count="7" type="stmt"/>
          <line num="34" count="7" type="stmt"/>
          <line num="44" count="7" type="cond" truecount="0" falsecount="1"/>
          <line num="46" count="9" type="cond" truecount="6" falsecount="1"/>
          <line num="48" count="2" type="stmt"/>
          <line num="49" count="2" type="stmt"/>
          <line num="52" count="1" type="stmt"/>
          <line num="53" count="1" type="stmt"/>
          <line num="55" count="2" type="stmt"/>
          <line num="56" count="2" type="stmt"/>
          <line num="60" count="2" type="stmt"/>
          <line num="61" count="2" type="stmt"/>
          <line num="65" count="9" type="stmt"/>
          <line num="67" count="9" type="stmt"/>
          <line num="71" count="9" type="stmt"/>
          <line num="72" count="18" type="cond" truecount="2" falsecount="0"/>
          <line num="73" count="3" type="stmt"/>
          <line num="74" count="3" type="stmt"/>
          <line num="78" count="9" type="stmt"/>
        </file>
      </package>
    </metrics>
  </project>
</coverage>
