{"/Users/josh/caldera/js-packages/shared/src/components/header.js": {"path":"/Users/josh/caldera/js-packages/shared/src/components/header.js","statementMap":{"0":{"start":{"line":2,"column":14},"end":{"line":2,"column":34}},"1":{"start":{"line":5,"column":37},"end":{"line":5,"column":47}},"2":{"start":{"line":6,"column":17},"end":{"line":23,"column":3}},"3":{"start":{"line":24,"column":2},"end":{"line":32,"column":4}}},"fnMap":{"0":{"name":"(anonymous_0)","decl":{"start":{"line":4,"column":1},"end":{"line":4,"column":2}},"loc":{"start":{"line":4,"column":10},"end":{"line":33,"column":2}},"line":4}},"branchMap":{"0":{"loc":{"start":{"line":22,"column":3},"end":{"line":22,"column":26}},"type":"binary-expr","locations":[{"start":{"line":22,"column":3},"end":{"line":22,"column":20}},{"start":{"line":22,"column":24},"end":{"line":22,"column":26}}],"line":22},"1":{"loc":{"start":{"line":27,"column":5},"end":{"line":27,"column":39}},"type":"cond-expr","locations":[{"start":{"line":27,"column":20},"end":{"line":27,"column":32}},{"start":{"line":27,"column":35},"end":{"line":27,"column":39}}],"line":27}},"s":{"0":1,"1":2,"2":2,"3":2},"f":{"0":2},"b":{"0":[2,2],"1":[1,1]},"_coverageSchema":"332fd63041d2c1bcb487cc26dd0d5f7d97098a6c","hash":"96652ce3b2bd49a9c7f7b2d29509bb29466d6521"}
,"/Users/josh/caldera/js-packages/shared/src/components/fields/FieldLabel/FieldLabel.js": {"path":"/Users/josh/caldera/js-packages/shared/src/components/fields/FieldLabel/FieldLabel.js","statementMap":{"0":{"start":{"line":7,"column":26},"end":{"line":16,"column":1}},"1":{"start":{"line":8,"column":1},"end":{"line":15,"column":3}}},"fnMap":{"0":{"name":"(anonymous_0)","decl":{"start":{"line":7,"column":26},"end":{"line":7,"column":27}},"loc":{"start":{"line":7,"column":66},"end":{"line":16,"column":1}},"line":7}},"branchMap":{},"s":{"0":2,"1":3},"f":{"0":3},"b":{},"_coverageSchema":"332fd63041d2c1bcb487cc26dd0d5f7d97098a6c","hash":"7345db2cf028e1eca79661e65ce18d87ebbf63c8"}
,"/Users/josh/caldera/js-packages/shared/src/components/fields/TextField/TextField.js": {"path":"/Users/josh/caldera/js-packages/shared/src/components/fields/TextField/TextField.js","statementMap":{"0":{"start":{"line":8,"column":25},"end":{"line":41,"column":1}},"1":{"start":{"line":21,"column":19},"end":{"line":21,"column":67}},"2":{"start":{"line":23,"column":1},"end":{"line":40,"column":2}},"3":{"start":{"line":43,"column":0},"end":{"line":58,"column":2}},"4":{"start":{"line":60,"column":0},"end":{"line":65,"column":2}}},"fnMap":{"0":{"name":"(anonymous_0)","decl":{"start":{"line":8,"column":25},"end":{"line":8,"column":26}},"loc":{"start":{"line":19,"column":14},"end":{"line":41,"column":1}},"line":19},"1":{"name":"(anonymous_1)","decl":{"start":{"line":61,"column":9},"end":{"line":61,"column":10}},"loc":{"start":{"line":61,"column":15},"end":{"line":62,"column":2}},"line":61}},"branchMap":{"0":{"loc":{"start":{"line":21,"column":19},"end":{"line":21,"column":67}},"type":"cond-expr","locations":[{"start":{"line":21,"column":49},"end":{"line":21,"column":58}},{"start":{"line":21,"column":61},"end":{"line":21,"column":67}}],"line":21}},"s":{"0":1,"1":2,"2":2,"3":1,"4":1},"f":{"0":2,"1":0},"b":{"0":[1,1]},"_coverageSchema":"332fd63041d2c1bcb487cc26dd0d5f7d97098a6c","hash":"86e98d3170ca0fe4d54bd12a0604cf7dcf189d18"}
,"/Users/josh/caldera/js-packages/shared/src/components/fields/util/fieldClassNames.js": {"path":"/Users/josh/caldera/js-packages/shared/src/components/fields/util/fieldClassNames.js","statementMap":{"0":{"start":{"line":6,"column":31},"end":{"line":9,"column":1}},"1":{"start":{"line":7,"column":1},"end":{"line":7,"column":50}}},"fnMap":{"0":{"name":"(anonymous_0)","decl":{"start":{"line":6,"column":31},"end":{"line":6,"column":32}},"loc":{"start":{"line":6,"column":46},"end":{"line":9,"column":1}},"line":6}},"branchMap":{},"s":{"0":3,"1":3},"f":{"0":3},"b":{},"_coverageSchema":"332fd63041d2c1bcb487cc26dd0d5f7d97098a6c","hash":"e9eab7537e469b953b9307a1a115a6aa52545ebf"}
,"/Users/josh/caldera/js-packages/shared/src/components/fields/util/index.js": {"path":"/Users/josh/caldera/js-packages/shared/src/components/fields/util/index.js","statementMap":{"0":{"start":{"line":9,"column":1},"end":{"line":20,"column":3}},"1":{"start":{"line":29,"column":25},"end":{"line":31,"column":1}},"2":{"start":{"line":30,"column":1},"end":{"line":30,"column":44}},"3":{"start":{"line":41,"column":29},"end":{"line":49,"column":1}},"4":{"start":{"line":42,"column":15},"end":{"line":42,"column":35}},"5":{"start":{"line":43,"column":1},"end":{"line":47,"column":2}},"6":{"start":{"line":44,"column":2},"end":{"line":44,"column":25}},"7":{"start":{"line":46,"column":2},"end":{"line":46,"column":22}},"8":{"start":{"line":48,"column":1},"end":{"line":48,"column":14}},"9":{"start":{"line":57,"column":17},"end":{"line":69,"column":1}},"10":{"start":{"line":58,"column":1},"end":{"line":68,"column":2}},"11":{"start":{"line":65,"column":3},"end":{"line":65,"column":15}},"12":{"start":{"line":67,"column":3},"end":{"line":67,"column":16}}},"fnMap":{"0":{"name":"getHtml5InputTypes","decl":{"start":{"line":8,"column":9},"end":{"line":8,"column":27}},"loc":{"start":{"line":8,"column":30},"end":{"line":21,"column":1}},"line":8},"1":{"name":"(anonymous_1)","decl":{"start":{"line":29,"column":25},"end":{"line":29,"column":26}},"loc":{"start":{"line":29,"column":35},"end":{"line":31,"column":1}},"line":29},"2":{"name":"(anonymous_2)","decl":{"start":{"line":41,"column":29},"end":{"line":41,"column":30}},"loc":{"start":{"line":41,"column":46},"end":{"line":49,"column":1}},"line":41},"3":{"name":"(anonymous_3)","decl":{"start":{"line":57,"column":17},"end":{"line":57,"column":18}},"loc":{"start":{"line":57,"column":28},"end":{"line":69,"column":1}},"line":57}},"branchMap":{"0":{"loc":{"start":{"line":43,"column":1},"end":{"line":47,"column":2}},"type":"if","locations":[{"start":{"line":43,"column":1},"end":{"line":47,"column":2}},{"start":{"line":43,"column":1},"end":{"line":47,"column":2}}],"line":43},"1":{"loc":{"start":{"line":58,"column":1},"end":{"line":68,"column":2}},"type":"switch","locations":[{"start":{"line":59,"column":2},"end":{"line":59,"column":12}},{"start":{"line":60,"column":2},"end":{"line":60,"column":14}},{"start":{"line":61,"column":2},"end":{"line":61,"column":9}},{"start":{"line":62,"column":2},"end":{"line":62,"column":11}},{"start":{"line":63,"column":2},"end":{"line":63,"column":12}},{"start":{"line":64,"column":2},"end":{"line":65,"column":15}},{"start":{"line":66,"column":2},"end":{"line":67,"column":16}}],"line":58}},"s":{"0":14,"1":3,"2":14,"3":3,"4":10,"5":10,"6":2,"7":8,"8":10,"9":3,"10":8,"11":6,"12":2},"f":{"0":14,"1":14,"2":10,"3":8},"b":{"0":[2,8],"1":[1,4,5,6,6,6,2]},"_coverageSchema":"332fd63041d2c1bcb487cc26dd0d5f7d97098a6c","hash":"6c6c9b0124851a09bd359ed89c64282974a18d91"}
,"/Users/josh/caldera/js-packages/shared/src/components/fields/util/labelClassNames.js": {"path":"/Users/josh/caldera/js-packages/shared/src/components/fields/util/labelClassNames.js","statementMap":{"0":{"start":{"line":6,"column":31},"end":{"line":9,"column":1}},"1":{"start":{"line":7,"column":1},"end":{"line":7,"column":62}}},"fnMap":{"0":{"name":"(anonymous_0)","decl":{"start":{"line":6,"column":31},"end":{"line":6,"column":32}},"loc":{"start":{"line":6,"column":46},"end":{"line":9,"column":1}},"line":6}},"branchMap":{},"s":{"0":3,"1":4},"f":{"0":4},"b":{},"_coverageSchema":"332fd63041d2c1bcb487cc26dd0d5f7d97098a6c","hash":"a6a20089da8c0a76ac1ca4276fed89209c56cadb"}
,"/Users/josh/caldera/js-packages/shared/src/components/fields/util/parseAttributes.js": {"path":"/Users/josh/caldera/js-packages/shared/src/components/fields/util/parseAttributes.js","statementMap":{"0":{"start":{"line":6,"column":31},"end":{"line":8,"column":1}},"1":{"start":{"line":7,"column":1},"end":{"line":7,"column":51}}},"fnMap":{"0":{"name":"(anonymous_0)","decl":{"start":{"line":6,"column":31},"end":{"line":6,"column":32}},"loc":{"start":{"line":6,"column":58},"end":{"line":8,"column":1}},"line":6}},"branchMap":{},"s":{"0":3,"1":2},"f":{"0":2},"b":{},"_coverageSchema":"332fd63041d2c1bcb487cc26dd0d5f7d97098a6c","hash":"cc00e9e7697349fd562281929839ab23830b00b7"}
}
