{"/Users/josh/caldera/js-packages/shared/src/components/header.js": {"path":"/Users/josh/caldera/js-packages/shared/src/components/header.js","statementMap":{"0":{"start":{"line":2,"column":14},"end":{"line":2,"column":34}},"1":{"start":{"line":5,"column":37},"end":{"line":5,"column":47}},"2":{"start":{"line":6,"column":17},"end":{"line":23,"column":3}},"3":{"start":{"line":24,"column":2},"end":{"line":32,"column":4}}},"fnMap":{"0":{"name":"(anonymous_0)","decl":{"start":{"line":4,"column":1},"end":{"line":4,"column":2}},"loc":{"start":{"line":4,"column":10},"end":{"line":33,"column":2}},"line":4}},"branchMap":{"0":{"loc":{"start":{"line":22,"column":3},"end":{"line":22,"column":26}},"type":"binary-expr","locations":[{"start":{"line":22,"column":3},"end":{"line":22,"column":20}},{"start":{"line":22,"column":24},"end":{"line":22,"column":26}}],"line":22},"1":{"loc":{"start":{"line":27,"column":5},"end":{"line":27,"column":39}},"type":"cond-expr","locations":[{"start":{"line":27,"column":20},"end":{"line":27,"column":32}},{"start":{"line":27,"column":35},"end":{"line":27,"column":39}}],"line":27}},"s":{"0":1,"1":2,"2":2,"3":2},"f":{"0":2},"b":{"0":[2,2],"1":[1,1]},"_coverageSchema":"332fd63041d2c1bcb487cc26dd0d5f7d97098a6c","hash":"96652ce3b2bd49a9c7f7b2d29509bb29466d6521"}
,"/Users/josh/caldera/js-packages/shared/src/components/fields/FieldLabel/FieldLabel.js": {"path":"/Users/josh/caldera/js-packages/shared/src/components/fields/FieldLabel/FieldLabel.js","statementMap":{"0":{"start":{"line":7,"column":26},"end":{"line":16,"column":1}},"1":{"start":{"line":8,"column":1},"end":{"line":15,"column":3}}},"fnMap":{"0":{"name":"(anonymous_0)","decl":{"start":{"line":7,"column":26},"end":{"line":7,"column":27}},"loc":{"start":{"line":7,"column":66},"end":{"line":16,"column":1}},"line":7}},"branchMap":{},"s":{"0":4,"1":5},"f":{"0":5},"b":{},"_coverageSchema":"332fd63041d2c1bcb487cc26dd0d5f7d97098a6c","hash":"7345db2cf028e1eca79661e65ce18d87ebbf63c8"}
,"/Users/josh/caldera/js-packages/shared/src/components/fields/FieldSet/FieldSet.js": {"path":"/Users/josh/caldera/js-packages/shared/src/components/fields/FieldSet/FieldSet.js","statementMap":{"0":{"start":{"line":13,"column":24},"end":{"line":26,"column":1}},"1":{"start":{"line":14,"column":1},"end":{"line":14,"column":56}},"2":{"start":{"line":15,"column":1},"end":{"line":25,"column":3}},"3":{"start":{"line":28,"column":0},"end":{"line":35,"column":2}}},"fnMap":{"0":{"name":"(anonymous_0)","decl":{"start":{"line":13,"column":24},"end":{"line":13,"column":25}},"loc":{"start":{"line":13,"column":71},"end":{"line":26,"column":1}},"line":13}},"branchMap":{},"s":{"0":1,"1":1,"2":1,"3":1},"f":{"0":1},"b":{},"_coverageSchema":"332fd63041d2c1bcb487cc26dd0d5f7d97098a6c","hash":"9b354a30b8405bb29ec8144deead8a48fcff063b"}
,"/Users/josh/caldera/js-packages/shared/src/components/fields/FieldWrapper/FieldWrapper.js": {"path":"/Users/josh/caldera/js-packages/shared/src/components/fields/FieldWrapper/FieldWrapper.js","statementMap":{"0":{"start":{"line":5,"column":28},"end":{"line":11,"column":1}},"1":{"start":{"line":6,"column":1},"end":{"line":10,"column":3}},"2":{"start":{"line":13,"column":0},"end":{"line":19,"column":1}}},"fnMap":{"0":{"name":"(anonymous_0)","decl":{"start":{"line":5,"column":28},"end":{"line":5,"column":29}},"loc":{"start":{"line":5,"column":55},"end":{"line":11,"column":1}},"line":5}},"branchMap":{},"s":{"0":4,"1":5,"2":4},"f":{"0":5},"b":{},"_coverageSchema":"332fd63041d2c1bcb487cc26dd0d5f7d97098a6c","hash":"8d7fae293b1e81f94a6504fa360de556538018db"}
,"/Users/josh/caldera/js-packages/shared/src/components/fields/InputField/InputField.js": {"path":"/Users/josh/caldera/js-packages/shared/src/components/fields/InputField/InputField.js","statementMap":{"0":{"start":{"line":9,"column":26},"end":{"line":43,"column":1}},"1":{"start":{"line":22,"column":19},"end":{"line":22,"column":67}},"2":{"start":{"line":23,"column":21},"end":{"line":23,"column":58}},"3":{"start":{"line":24,"column":1},"end":{"line":42,"column":2}},"4":{"start":{"line":45,"column":0},"end":{"line":60,"column":2}},"5":{"start":{"line":62,"column":0},"end":{"line":67,"column":2}}},"fnMap":{"0":{"name":"(anonymous_0)","decl":{"start":{"line":9,"column":26},"end":{"line":9,"column":27}},"loc":{"start":{"line":20,"column":14},"end":{"line":43,"column":1}},"line":20},"1":{"name":"(anonymous_1)","decl":{"start":{"line":63,"column":9},"end":{"line":63,"column":10}},"loc":{"start":{"line":63,"column":15},"end":{"line":64,"column":2}},"line":63}},"branchMap":{"0":{"loc":{"start":{"line":22,"column":19},"end":{"line":22,"column":67}},"type":"cond-expr","locations":[{"start":{"line":22,"column":49},"end":{"line":22,"column":58}},{"start":{"line":22,"column":61},"end":{"line":22,"column":67}}],"line":22}},"s":{"0":3,"1":4,"2":4,"3":4,"4":3,"5":3},"f":{"0":4,"1":0},"b":{"0":[3,1]},"_coverageSchema":"332fd63041d2c1bcb487cc26dd0d5f7d97098a6c","hash":"6b4fa01fe3d63cb42ae1523cb4e56798715ca15b"}
,"/Users/josh/caldera/js-packages/shared/src/components/fields/controls/Input.js": {"path":"/Users/josh/caldera/js-packages/shared/src/components/fields/controls/Input.js","statementMap":{"0":{"start":{"line":4,"column":21},"end":{"line":27,"column":1}},"1":{"start":{"line":17,"column":1},"end":{"line":26,"column":3}}},"fnMap":{"0":{"name":"(anonymous_0)","decl":{"start":{"line":4,"column":21},"end":{"line":4,"column":22}},"loc":{"start":{"line":17,"column":1},"end":{"line":26,"column":3}},"line":17}},"branchMap":{},"s":{"0":3,"1":4},"f":{"0":4},"b":{},"_coverageSchema":"332fd63041d2c1bcb487cc26dd0d5f7d97098a6c","hash":"9d0b2b34cb383f3414047ccc52f3f5659ce55d05"}
,"/Users/josh/caldera/js-packages/shared/src/components/fields/util/fieldClassNames.js": {"path":"/Users/josh/caldera/js-packages/shared/src/components/fields/util/fieldClassNames.js","statementMap":{"0":{"start":{"line":6,"column":31},"end":{"line":9,"column":1}},"1":{"start":{"line":7,"column":1},"end":{"line":7,"column":50}}},"fnMap":{"0":{"name":"(anonymous_0)","decl":{"start":{"line":6,"column":31},"end":{"line":6,"column":32}},"loc":{"start":{"line":6,"column":46},"end":{"line":9,"column":1}},"line":6}},"branchMap":{},"s":{"0":7,"1":6},"f":{"0":6},"b":{},"_coverageSchema":"332fd63041d2c1bcb487cc26dd0d5f7d97098a6c","hash":"e9eab7537e469b953b9307a1a115a6aa52545ebf"}
,"/Users/josh/caldera/js-packages/shared/src/components/fields/util/fieldSetClassNames.js": {"path":"/Users/josh/caldera/js-packages/shared/src/components/fields/util/fieldSetClassNames.js","statementMap":{"0":{"start":{"line":6,"column":34},"end":{"line":9,"column":1}},"1":{"start":{"line":7,"column":1},"end":{"line":7,"column":56}}},"fnMap":{"0":{"name":"(anonymous_0)","decl":{"start":{"line":6,"column":34},"end":{"line":6,"column":35}},"loc":{"start":{"line":6,"column":49},"end":{"line":9,"column":1}},"line":6}},"branchMap":{},"s":{"0":7,"1":2},"f":{"0":2},"b":{},"_coverageSchema":"332fd63041d2c1bcb487cc26dd0d5f7d97098a6c","hash":"c6c65a38b3f5f91c08a213734a020dd35b163d53"}
,"/Users/josh/caldera/js-packages/shared/src/components/fields/util/index.js": {"path":"/Users/josh/caldera/js-packages/shared/src/components/fields/util/index.js","statementMap":{"0":{"start":{"line":10,"column":1},"end":{"line":21,"column":3}},"1":{"start":{"line":30,"column":25},"end":{"line":32,"column":1}},"2":{"start":{"line":31,"column":1},"end":{"line":31,"column":44}},"3":{"start":{"line":42,"column":29},"end":{"line":50,"column":1}},"4":{"start":{"line":43,"column":15},"end":{"line":43,"column":35}},"5":{"start":{"line":44,"column":1},"end":{"line":48,"column":2}},"6":{"start":{"line":45,"column":2},"end":{"line":45,"column":25}},"7":{"start":{"line":47,"column":2},"end":{"line":47,"column":22}},"8":{"start":{"line":49,"column":1},"end":{"line":49,"column":14}},"9":{"start":{"line":58,"column":17},"end":{"line":70,"column":1}},"10":{"start":{"line":59,"column":1},"end":{"line":69,"column":2}},"11":{"start":{"line":66,"column":3},"end":{"line":66,"column":15}},"12":{"start":{"line":68,"column":3},"end":{"line":68,"column":16}}},"fnMap":{"0":{"name":"getHtml5InputTypes","decl":{"start":{"line":9,"column":9},"end":{"line":9,"column":27}},"loc":{"start":{"line":9,"column":30},"end":{"line":22,"column":1}},"line":9},"1":{"name":"(anonymous_1)","decl":{"start":{"line":30,"column":25},"end":{"line":30,"column":26}},"loc":{"start":{"line":30,"column":35},"end":{"line":32,"column":1}},"line":30},"2":{"name":"(anonymous_2)","decl":{"start":{"line":42,"column":29},"end":{"line":42,"column":30}},"loc":{"start":{"line":42,"column":46},"end":{"line":50,"column":1}},"line":42},"3":{"name":"(anonymous_3)","decl":{"start":{"line":58,"column":17},"end":{"line":58,"column":18}},"loc":{"start":{"line":58,"column":28},"end":{"line":70,"column":1}},"line":58}},"branchMap":{"0":{"loc":{"start":{"line":44,"column":1},"end":{"line":48,"column":2}},"type":"if","locations":[{"start":{"line":44,"column":1},"end":{"line":48,"column":2}},{"start":{"line":44,"column":1},"end":{"line":48,"column":2}}],"line":44},"1":{"loc":{"start":{"line":59,"column":1},"end":{"line":69,"column":2}},"type":"switch","locations":[{"start":{"line":60,"column":2},"end":{"line":60,"column":12}},{"start":{"line":61,"column":2},"end":{"line":61,"column":14}},{"start":{"line":62,"column":2},"end":{"line":62,"column":9}},{"start":{"line":63,"column":2},"end":{"line":63,"column":11}},{"start":{"line":64,"column":2},"end":{"line":64,"column":12}},{"start":{"line":65,"column":2},"end":{"line":66,"column":15}},{"start":{"line":67,"column":2},"end":{"line":68,"column":16}}],"line":59}},"s":{"0":16,"1":7,"2":16,"3":7,"4":10,"5":10,"6":2,"7":8,"8":10,"9":7,"10":8,"11":6,"12":2},"f":{"0":16,"1":16,"2":10,"3":8},"b":{"0":[2,8],"1":[1,4,5,6,6,6,2]},"_coverageSchema":"332fd63041d2c1bcb487cc26dd0d5f7d97098a6c","hash":"003d23086fb1d3756a5ddd329327f931498509dc"}
,"/Users/josh/caldera/js-packages/shared/src/components/fields/util/labelClassNames.js": {"path":"/Users/josh/caldera/js-packages/shared/src/components/fields/util/labelClassNames.js","statementMap":{"0":{"start":{"line":6,"column":31},"end":{"line":9,"column":1}},"1":{"start":{"line":7,"column":1},"end":{"line":7,"column":62}}},"fnMap":{"0":{"name":"(anonymous_0)","decl":{"start":{"line":6,"column":31},"end":{"line":6,"column":32}},"loc":{"start":{"line":6,"column":46},"end":{"line":9,"column":1}},"line":6}},"branchMap":{},"s":{"0":7,"1":6},"f":{"0":6},"b":{},"_coverageSchema":"332fd63041d2c1bcb487cc26dd0d5f7d97098a6c","hash":"a6a20089da8c0a76ac1ca4276fed89209c56cadb"}
,"/Users/josh/caldera/js-packages/shared/src/components/fields/util/parseAttributes.js": {"path":"/Users/josh/caldera/js-packages/shared/src/components/fields/util/parseAttributes.js","statementMap":{"0":{"start":{"line":1,"column":19},"end":{"line":12,"column":1}},"1":{"start":{"line":15,"column":20},"end":{"line":21,"column":1}},"2":{"start":{"line":23,"column":19},"end":{"line":32,"column":1}},"3":{"start":{"line":34,"column":22},"end":{"line":38,"column":1}},"4":{"start":{"line":44,"column":31},"end":{"line":79,"column":1}},"5":{"start":{"line":46,"column":1},"end":{"line":62,"column":2}},"6":{"start":{"line":48,"column":3},"end":{"line":48,"column":44}},"7":{"start":{"line":49,"column":3},"end":{"line":49,"column":9}},"8":{"start":{"line":52,"column":3},"end":{"line":52,"column":46}},"9":{"start":{"line":53,"column":3},"end":{"line":53,"column":9}},"10":{"start":{"line":55,"column":3},"end":{"line":55,"column":43}},"11":{"start":{"line":56,"column":3},"end":{"line":56,"column":9}},"12":{"start":{"line":60,"column":3},"end":{"line":60,"column":24}},"13":{"start":{"line":61,"column":3},"end":{"line":61,"column":9}},"14":{"start":{"line":65,"column":1},"end":{"line":65,"column":57}},"15":{"start":{"line":67,"column":20},"end":{"line":70,"column":2}},"16":{"start":{"line":71,"column":1},"end":{"line":76,"column":4}},"17":{"start":{"line":72,"column":2},"end":{"line":75,"column":3}},"18":{"start":{"line":73,"column":3},"end":{"line":73,"column":51}},"19":{"start":{"line":74,"column":3},"end":{"line":74,"column":27}},"20":{"start":{"line":78,"column":1},"end":{"line":78,"column":19}}},"fnMap":{"0":{"name":"(anonymous_0)","decl":{"start":{"line":44,"column":31},"end":{"line":44,"column":32}},"loc":{"start":{"line":44,"column":65},"end":{"line":79,"column":1}},"line":44},"1":{"name":"(anonymous_1)","decl":{"start":{"line":71,"column":33},"end":{"line":71,"column":34}},"loc":{"start":{"line":71,"column":41},"end":{"line":76,"column":2}},"line":71}},"branchMap":{"0":{"loc":{"start":{"line":44,"column":45},"end":{"line":44,"column":59}},"type":"default-arg","locations":[{"start":{"line":44,"column":55},"end":{"line":44,"column":59}}],"line":44},"1":{"loc":{"start":{"line":46,"column":1},"end":{"line":62,"column":2}},"type":"switch","locations":[{"start":{"line":47,"column":2},"end":{"line":49,"column":9}},{"start":{"line":50,"column":2},"end":{"line":50,"column":19}},{"start":{"line":51,"column":2},"end":{"line":53,"column":9}},{"start":{"line":54,"column":3},"end":{"line":56,"column":9}},{"start":{"line":57,"column":2},"end":{"line":57,"column":14}},{"start":{"line":58,"column":2},"end":{"line":58,"column":17}},{"start":{"line":59,"column":2},"end":{"line":61,"column":9}}],"line":46},"2":{"loc":{"start":{"line":72,"column":2},"end":{"line":75,"column":3}},"type":"if","locations":[{"start":{"line":72,"column":2},"end":{"line":75,"column":3}},{"start":{"line":72,"column":2},"end":{"line":75,"column":3}}],"line":72}},"s":{"0":7,"1":7,"2":7,"3":7,"4":7,"5":9,"6":2,"7":2,"8":1,"9":1,"10":2,"11":2,"12":2,"13":2,"14":9,"15":9,"16":9,"17":18,"18":3,"19":3,"20":9},"f":{"0":9,"1":18},"b":{"0":[0],"1":[2,0,1,2,2,2,2],"2":[3,15]},"_coverageSchema":"332fd63041d2c1bcb487cc26dd0d5f7d97098a6c","hash":"9e04ecd4c372118b1b71dc0e75cadf13a26cee84"}
}
