TN:
SF:/Users/josh/caldera/js-packages/shared/src/components/header.js
FN:4,(anonymous_0)
FNF:1
FNH:1
FNDA:2,(anonymous_0)
DA:2,1
DA:5,2
DA:6,2
DA:24,2
LF:4
LH:4
BRDA:22,0,0,2
BRDA:22,0,1,2
BRDA:27,1,0,1
BRDA:27,1,1,1
BRF:4
BRH:4
end_of_record
TN:
SF:/Users/josh/caldera/js-packages/shared/src/components/fields/FieldLabel/FieldLabel.js
FN:7,(anonymous_0)
FNF:1
FNH:1
FNDA:5,(anonymous_0)
DA:7,4
DA:8,5
LF:2
LH:2
BRF:0
BRH:0
end_of_record
TN:
SF:/Users/josh/caldera/js-packages/shared/src/components/fields/FieldWrapper/FieldWrapper.js
FN:5,(anonymous_0)
FNF:1
FNH:1
FNDA:5,(anonymous_0)
DA:5,4
DA:6,5
DA:13,4
LF:3
LH:3
BRF:0
BRH:0
end_of_record
TN:
SF:/Users/josh/caldera/js-packages/shared/src/components/fields/TextField/InputField.js
FN:9,(anonymous_0)
FN:63,(anonymous_1)
FNF:2
FNH:1
FNDA:4,(anonymous_0)
FNDA:0,(anonymous_1)
DA:9,3
DA:22,4
DA:23,4
DA:24,4
DA:45,3
DA:62,3
LF:6
LH:6
BRDA:22,0,0,3
BRDA:22,0,1,1
BRF:2
BRH:2
end_of_record
TN:
SF:/Users/josh/caldera/js-packages/shared/src/components/fields/util/fieldClassNames.js
FN:6,(anonymous_0)
FNF:1
FNH:1
FNDA:6,(anonymous_0)
DA:6,6
DA:7,6
LF:2
LH:2
BRF:0
BRH:0
end_of_record
TN:
SF:/Users/josh/caldera/js-packages/shared/src/components/fields/util/index.js
FN:8,getHtml5InputTypes
FN:29,(anonymous_1)
FN:41,(anonymous_2)
FN:57,(anonymous_3)
FNF:4
FNH:4
FNDA:16,getHtml5InputTypes
FNDA:16,(anonymous_1)
FNDA:10,(anonymous_2)
FNDA:8,(anonymous_3)
DA:9,16
DA:29,6
DA:30,16
DA:41,6
DA:42,10
DA:43,10
DA:44,2
DA:46,8
DA:48,10
DA:57,6
DA:58,8
DA:65,6
DA:67,2
LF:13
LH:13
BRDA:43,0,0,2
BRDA:43,0,1,8
BRDA:58,1,0,1
BRDA:58,1,1,4
BRDA:58,1,2,5
BRDA:58,1,3,6
BRDA:58,1,4,6
BRDA:58,1,5,6
BRDA:58,1,6,2
BRF:9
BRH:9
end_of_record
TN:
SF:/Users/josh/caldera/js-packages/shared/src/components/fields/util/labelClassNames.js
FN:6,(anonymous_0)
FNF:1
FNH:1
FNDA:6,(anonymous_0)
DA:6,6
DA:7,6
LF:2
LH:2
BRF:0
BRH:0
end_of_record
TN:
SF:/Users/josh/caldera/js-packages/shared/src/components/fields/util/parseAttributes.js
FN:39,(anonymous_0)
FN:61,(anonymous_1)
FNF:2
FNH:2
FNDA:8,(anonymous_0)
FNDA:16,(anonymous_1)
DA:1,6
DA:15,6
DA:23,6
DA:39,6
DA:41,8
DA:43,2
DA:44,2
DA:46,2
DA:47,2
DA:50,0
DA:51,0
DA:55,8
DA:57,8
DA:61,8
DA:62,16
DA:63,3
DA:64,3
DA:68,8
LF:18
LH:16
BRDA:39,0,0,0
BRDA:41,1,0,2
BRDA:41,1,1,2
BRDA:41,1,2,0
BRDA:41,1,3,0
BRDA:62,2,0,3
BRDA:62,2,1,13
BRF:7
BRH:4
end_of_record
