TN:
SF:/Users/josh/caldera/js-packages/shared/src/components/fields/FieldLabel/FieldLabel.js
FN:7,(anonymous_0)
FNF:1
FNH:1
FNDA:8,(anonymous_0)
DA:7,5
DA:8,8
LF:2
LH:2
BRF:0
BRH:0
end_of_record
TN:
SF:/Users/josh/caldera/js-packages/shared/src/components/fields/FieldSet/FieldSet.js
FN:13,(anonymous_0)
FNF:1
FNH:1
FNDA:1,(anonymous_0)
DA:13,1
DA:14,1
DA:15,1
DA:28,1
LF:4
LH:4
BRF:0
BRH:0
end_of_record
TN:
SF:/Users/josh/caldera/js-packages/shared/src/components/fields/FieldWrapper/FieldWrapper.js
FN:5,(anonymous_0)
FNF:1
FNH:1
FNDA:8,(anonymous_0)
DA:5,5
DA:6,8
DA:13,5
LF:3
LH:3
BRF:0
BRH:0
end_of_record
TN:
SF:/Users/josh/caldera/js-packages/shared/src/components/fields/InputField/InputField.js
FN:8,(anonymous_0)
FN:64,(anonymous_1)
FNF:2
FNH:1
FNDA:4,(anonymous_0)
FNDA:0,(anonymous_1)
DA:8,3
DA:21,4
DA:22,4
DA:23,4
DA:46,3
DA:63,3
LF:6
LH:6
BRDA:21,0,0,3
BRDA:21,0,1,1
BRF:2
BRH:2
end_of_record
TN:
SF:/Users/josh/caldera/js-packages/shared/src/components/fields/SelectField/SelectField.js
FN:8,(anonymous_0)
FNF:1
FNH:1
FNDA:3,(anonymous_0)
DA:8,1
DA:13,3
DA:14,3
DA:15,3
DA:32,1
DA:40,1
LF:6
LH:6
BRF:0
BRH:0
end_of_record
TN:
SF:/Users/josh/caldera/js-packages/shared/src/components/fields/controls/Input.js
FN:4,(anonymous_0)
FNF:1
FNH:1
FNDA:4,(anonymous_0)
DA:4,3
DA:16,4
LF:2
LH:2
BRF:0
BRH:0
end_of_record
TN:
SF:/Users/josh/caldera/js-packages/shared/src/components/fields/controls/Select.js
FN:4,(anonymous_0)
FNF:1
FNH:1
FNDA:3,(anonymous_0)
DA:4,1
DA:17,3
LF:2
LH:2
BRF:0
BRH:0
end_of_record
TN:
SF:/Users/josh/caldera/js-packages/shared/src/components/fields/util/fieldClassNames.js
FN:6,(anonymous_0)
FNF:1
FNH:1
FNDA:9,(anonymous_0)
DA:6,8
DA:7,9
LF:2
LH:2
BRF:0
BRH:0
end_of_record
TN:
SF:/Users/josh/caldera/js-packages/shared/src/components/fields/util/fieldSetClassNames.js
FN:6,(anonymous_0)
FNF:1
FNH:1
FNDA:2,(anonymous_0)
DA:6,8
DA:7,2
LF:2
LH:2
BRF:0
BRH:0
end_of_record
TN:
SF:/Users/josh/caldera/js-packages/shared/src/components/fields/util/index.js
FN:9,getHtml5InputTypes
FN:30,(anonymous_1)
FN:42,(anonymous_2)
FN:58,(anonymous_3)
FNF:4
FNH:4
FNDA:16,getHtml5InputTypes
FNDA:16,(anonymous_1)
FNDA:10,(anonymous_2)
FNDA:8,(anonymous_3)
DA:10,16
DA:30,8
DA:31,16
DA:42,8
DA:43,10
DA:44,10
DA:45,2
DA:47,8
DA:49,10
DA:58,8
DA:59,8
DA:66,6
DA:68,2
LF:13
LH:13
BRDA:44,0,0,2
BRDA:44,0,1,8
BRDA:59,1,0,1
BRDA:59,1,1,4
BRDA:59,1,2,5
BRDA:59,1,3,6
BRDA:59,1,4,6
BRDA:59,1,5,6
BRDA:59,1,6,2
BRF:9
BRH:9
end_of_record
TN:
SF:/Users/josh/caldera/js-packages/shared/src/components/fields/util/labelClassNames.js
FN:6,(anonymous_0)
FNF:1
FNH:1
FNDA:9,(anonymous_0)
DA:6,8
DA:7,9
LF:2
LH:2
BRF:0
BRH:0
end_of_record
TN:
SF:/Users/josh/caldera/js-packages/shared/src/components/fields/util/parseAttributes.js
FN:53,(anonymous_0)
FN:85,(anonymous_1)
FNF:2
FNH:2
FNDA:12,(anonymous_0)
FNDA:24,(anonymous_1)
DA:1,8
DA:15,8
DA:23,8
DA:34,8
DA:41,8
DA:53,8
DA:55,12
DA:57,2
DA:58,2
DA:61,1
DA:62,1
DA:65,3
DA:66,3
DA:68,2
DA:69,2
DA:73,2
DA:74,2
DA:79,12
DA:81,12
DA:85,12
DA:86,24
DA:87,3
DA:88,3
DA:92,12
LF:24
LH:24
BRDA:53,0,0,0
BRDA:55,1,0,2
BRDA:55,1,1,0
BRDA:55,1,2,1
BRDA:55,1,3,3
BRDA:55,1,4,3
BRDA:55,1,5,2
BRDA:55,1,6,2
BRDA:55,1,7,2
BRDA:55,1,8,2
BRDA:86,2,0,3
BRDA:86,2,1,21
BRF:12
BRH:10
end_of_record
