<?xml version="1.0" encoding="UTF-8"?>
<coverage generated="1546283308741" clover="3.2.0">
  <project timestamp="1546283308741" name="All files">
    <metrics statements="43" coveredstatements="37" conditionals="25" coveredconditionals="16" methods="11" coveredmethods="10" elements="79" coveredelements="63" complexity="0" loc="43" ncloc="43" packages="3" files="6" classes="6">
      <package name="src">
        <metrics statements="6" coveredstatements="6" conditionals="0" coveredconditionals="0" methods="0" coveredmethods="0"/>
        <file name="fields.fixtures.js" path="/Users/josh/caldera/js-packages/factory/src/fields.fixtures.js">
          <metrics statements="6" coveredstatements="6" conditionals="0" coveredconditionals="0" methods="0" coveredmethods="0"/>
          <line num="1" count="5" type="stmt"/>
          <line num="32" count="5" type="stmt"/>
          <line num="49" count="5" type="stmt"/>
          <line num="60" count="5" type="stmt"/>
          <line num="73" count="5" type="stmt"/>
          <line num="82" count="5" type="stmt"/>
        </file>
      </package>
      <package name="src.components">
        <metrics statements="17" coveredstatements="17" conditionals="2" coveredconditionals="1" methods="7" coveredmethods="7"/>
        <file name="Field.js" path="/Users/josh/caldera/js-packages/factory/src/components/Field.js">
          <metrics statements="2" coveredstatements="2" conditionals="0" coveredconditionals="0" methods="1" coveredmethods="1"/>
          <line num="4" count="4" type="stmt"/>
          <line num="7" count="7" type="stmt"/>
        </file>
        <file name="Fields.js" path="/Users/josh/caldera/js-packages/factory/src/components/Fields.js">
          <metrics statements="4" coveredstatements="4" conditionals="0" coveredconditionals="0" methods="2" coveredmethods="2"/>
          <line num="5" count="3" type="stmt"/>
          <line num="8" count="4" type="stmt"/>
          <line num="9" count="12" type="stmt"/>
          <line num="18" count="3" type="stmt"/>
        </file>
        <file name="Row.js" path="/Users/josh/caldera/js-packages/factory/src/components/Row.js">
          <metrics statements="7" coveredstatements="7" conditionals="2" coveredconditionals="1" methods="2" coveredmethods="2"/>
          <line num="17" count="2" type="stmt"/>
          <line num="20" count="1" type="stmt"/>
          <line num="30" count="2" type="stmt"/>
          <line num="32" count="2" type="cond" truecount="1" falsecount="1"/>
          <line num="34" count="2" type="stmt"/>
          <line num="60" count="2" type="stmt"/>
          <line num="78" count="2" type="stmt"/>
        </file>
        <file name="Rows.js" path="/Users/josh/caldera/js-packages/factory/src/components/Rows.js">
          <metrics statements="4" coveredstatements="4" conditionals="0" coveredconditionals="0" methods="2" coveredmethods="2"/>
          <line num="5" count="1" type="stmt"/>
          <line num="8" count="1" type="stmt"/>
          <line num="9" count="2" type="stmt"/>
          <line num="18" count="1" type="stmt"/>
        </file>
      </package>
      <package name="src.factories">
        <metrics statements="20" coveredstatements="14" conditionals="23" coveredconditionals="15" methods="4" coveredmethods="3"/>
        <file name="fieldFactory.js" path="/Users/josh/caldera/js-packages/factory/src/factories/fieldFactory.js">
          <metrics statements="20" coveredstatements="14" conditionals="23" coveredconditionals="15" methods="4" coveredmethods="3"/>
          <line num="12" count="28" type="cond" truecount="1" falsecount="1"/>
          <line num="14" count="5" type="stmt"/>
          <line num="15" count="0" type="stmt"/>
          <line num="22" count="5" type="stmt"/>
          <line num="23" count="14" type="stmt"/>
          <line num="25" count="14" type="cond" truecount="1" falsecount="1"/>
          <line num="26" count="0" type="stmt"/>
          <line num="28" count="14" type="cond" truecount="8" falsecount="1"/>
          <line num="31" count="2" type="stmt"/>
          <line num="43" count="6" type="stmt"/>
          <line num="44" count="6" type="cond" truecount="1" falsecount="1"/>
          <line num="45" count="6" type="stmt"/>
          <line num="61" count="0" type="stmt"/>
          <line num="64" count="4" type="stmt"/>
          <line num="73" count="0" type="stmt"/>
          <line num="79" count="8" type="cond" truecount="1" falsecount="1"/>
          <line num="80" count="8" type="stmt"/>
          <line num="82" count="0" type="stmt"/>
          <line num="85" count="8" type="stmt"/>
          <line num="94" count="0" type="stmt"/>
        </file>
      </package>
    </metrics>
  </project>
</coverage>
