<?xml version="1.0" encoding="UTF-8"?>
<coverage generated="1546216219188" clover="3.2.0">
  <project timestamp="1546216219188" name="All files">
    <metrics statements="16" coveredstatements="9" conditionals="17" coveredconditionals="14" methods="2" coveredmethods="1" elements="35" coveredelements="24" complexity="0" loc="16" ncloc="16" packages="1" files="1" classes="1">
      <file name="fieldFactory.js" path="/Users/josh/caldera/js-packages/factory/src/factories/fieldFactory.js">
        <metrics statements="16" coveredstatements="9" conditionals="17" coveredconditionals="14" methods="2" coveredmethods="1"/>
        <line num="9" count="6" type="stmt"/>
        <line num="11" count="6" type="cond" truecount="9" falsecount="0"/>
        <line num="14" count="2" type="cond" truecount="4" falsecount="0"/>
        <line num="15" count="1" type="stmt"/>
        <line num="27" count="0" type="stmt"/>
        <line num="28" count="0" type="cond" truecount="0" falsecount="2"/>
        <line num="29" count="0" type="stmt"/>
        <line num="41" count="1" type="stmt"/>
        <line num="43" count="0" type="stmt"/>
        <line num="46" count="1" type="stmt"/>
        <line num="47" count="0" type="stmt"/>
        <line num="54" count="3" type="cond" truecount="1" falsecount="1"/>
        <line num="55" count="3" type="stmt"/>
        <line num="57" count="0" type="stmt"/>
        <line num="60" count="3" type="stmt"/>
        <line num="61" count="0" type="stmt"/>
      </file>
    </metrics>
  </project>
</coverage>
