{"/Users/josh/caldera/js-packages/factory/src/fields.fixtures.js": {"path":"/Users/josh/caldera/js-packages/factory/src/fields.fixtures.js","statementMap":{"0":{"start":{"line":1,"column":25},"end":{"line":30,"column":1}},"1":{"start":{"line":32,"column":20},"end":{"line":47,"column":1}},"2":{"start":{"line":49,"column":22},"end":{"line":58,"column":1}},"3":{"start":{"line":60,"column":20},"end":{"line":71,"column":1}},"4":{"start":{"line":73,"column":18},"end":{"line":80,"column":1}},"5":{"start":{"line":82,"column":20},"end":{"line":92,"column":1}}},"fnMap":{},"branchMap":{},"s":{"0":5,"1":5,"2":5,"3":5,"4":5,"5":5},"f":{},"b":{},"_coverageSchema":"332fd63041d2c1bcb487cc26dd0d5f7d97098a6c","hash":"6b2f369274d2bdfb7c37a960f79ae8bdc0b04250"}
,"/Users/josh/caldera/js-packages/factory/src/components/Field.js": {"path":"/Users/josh/caldera/js-packages/factory/src/components/Field.js","statementMap":{"0":{"start":{"line":4,"column":21},"end":{"line":8,"column":1}},"1":{"start":{"line":7,"column":1},"end":{"line":7,"column":69}}},"fnMap":{"0":{"name":"(anonymous_0)","decl":{"start":{"line":4,"column":21},"end":{"line":4,"column":22}},"loc":{"start":{"line":7,"column":1},"end":{"line":7,"column":69}},"line":7}},"branchMap":{},"s":{"0":4,"1":7},"f":{"0":7},"b":{},"_coverageSchema":"332fd63041d2c1bcb487cc26dd0d5f7d97098a6c","hash":"c508d720f7f53b4e3336d6674cf7d648cbee16a7"}
,"/Users/josh/caldera/js-packages/factory/src/components/Fields.js": {"path":"/Users/josh/caldera/js-packages/factory/src/components/Fields.js","statementMap":{"0":{"start":{"line":5,"column":22},"end":{"line":16,"column":1}},"1":{"start":{"line":8,"column":1},"end":{"line":15,"column":8}},"2":{"start":{"line":9,"column":27},"end":{"line":13,"column":20}},"3":{"start":{"line":18,"column":0},"end":{"line":26,"column":2}}},"fnMap":{"0":{"name":"(anonymous_0)","decl":{"start":{"line":5,"column":22},"end":{"line":5,"column":23}},"loc":{"start":{"line":8,"column":1},"end":{"line":15,"column":8}},"line":8},"1":{"name":"(anonymous_1)","decl":{"start":{"line":9,"column":18},"end":{"line":9,"column":19}},"loc":{"start":{"line":9,"column":27},"end":{"line":13,"column":20}},"line":9}},"branchMap":{},"s":{"0":3,"1":4,"2":12,"3":3},"f":{"0":4,"1":12},"b":{},"_coverageSchema":"332fd63041d2c1bcb487cc26dd0d5f7d97098a6c","hash":"bbc1f1513fd76507718c73fc109f0f7af21eb41e"}
,"/Users/josh/caldera/js-packages/factory/src/components/Row.js": {"path":"/Users/josh/caldera/js-packages/factory/src/components/Row.js","statementMap":{"0":{"start":{"line":17,"column":19},"end":{"line":53,"column":1}},"1":{"start":{"line":20,"column":1},"end":{"line":51,"column":8}},"2":{"start":{"line":30,"column":7},"end":{"line":30,"column":13}},"3":{"start":{"line":32,"column":3},"end":{"line":32,"column":35}},"4":{"start":{"line":34,"column":3},"end":{"line":49,"column":4}},"5":{"start":{"line":60,"column":28},"end":{"line":77,"column":1}},"6":{"start":{"line":78,"column":0},"end":{"line":78,"column":29}}},"fnMap":{"0":{"name":"(anonymous_0)","decl":{"start":{"line":17,"column":19},"end":{"line":17,"column":20}},"loc":{"start":{"line":20,"column":1},"end":{"line":51,"column":8}},"line":20},"1":{"name":"(anonymous_1)","decl":{"start":{"line":24,"column":15},"end":{"line":24,"column":16}},"loc":{"start":{"line":24,"column":25},"end":{"line":50,"column":3}},"line":24}},"branchMap":{"0":{"loc":{"start":{"line":32,"column":13},"end":{"line":32,"column":34}},"type":"cond-expr","locations":[{"start":{"line":32,"column":23},"end":{"line":32,"column":30}},{"start":{"line":32,"column":33},"end":{"line":32,"column":34}}],"line":32}},"s":{"0":2,"1":1,"2":2,"3":2,"4":2,"5":2,"6":2},"f":{"0":1,"1":2},"b":{"0":[0,2]},"_coverageSchema":"332fd63041d2c1bcb487cc26dd0d5f7d97098a6c","hash":"5cfede4772fea1ea353cb4eae714a7a266cf7ff1"}
,"/Users/josh/caldera/js-packages/factory/src/components/Rows.js": {"path":"/Users/josh/caldera/js-packages/factory/src/components/Rows.js","statementMap":{"0":{"start":{"line":5,"column":20},"end":{"line":16,"column":1}},"1":{"start":{"line":8,"column":1},"end":{"line":15,"column":12}},"2":{"start":{"line":9,"column":23},"end":{"line":13,"column":20}},"3":{"start":{"line":18,"column":0},"end":{"line":23,"column":2}}},"fnMap":{"0":{"name":"(anonymous_0)","decl":{"start":{"line":5,"column":20},"end":{"line":5,"column":21}},"loc":{"start":{"line":8,"column":1},"end":{"line":15,"column":12}},"line":8},"1":{"name":"(anonymous_1)","decl":{"start":{"line":9,"column":16},"end":{"line":9,"column":17}},"loc":{"start":{"line":9,"column":23},"end":{"line":13,"column":20}},"line":9}},"branchMap":{},"s":{"0":1,"1":1,"2":2,"3":1},"f":{"0":1,"1":2},"b":{},"_coverageSchema":"332fd63041d2c1bcb487cc26dd0d5f7d97098a6c","hash":"48d90c3ddc9121b4a44dd5f6ff9ac1233b8c76fd"}
,"/Users/josh/caldera/js-packages/factory/src/factories/fieldFactory.js": {"path":"/Users/josh/caldera/js-packages/factory/src/factories/fieldFactory.js","statementMap":{"0":{"start":{"line":12,"column":1},"end":{"line":12,"column":75}},"1":{"start":{"line":14,"column":19},"end":{"line":21,"column":1}},"2":{"start":{"line":15,"column":1},"end":{"line":20,"column":4}},"3":{"start":{"line":22,"column":28},"end":{"line":96,"column":1}},"4":{"start":{"line":23,"column":68},"end":{"line":23,"column":73}},"5":{"start":{"line":25,"column":1},"end":{"line":27,"column":2}},"6":{"start":{"line":26,"column":3},"end":{"line":26,"column":43}},"7":{"start":{"line":28,"column":1},"end":{"line":95,"column":2}},"8":{"start":{"line":31,"column":4},"end":{"line":60,"column":6}},"9":{"start":{"line":43,"column":11},"end":{"line":43,"column":17}},"10":{"start":{"line":44,"column":23},"end":{"line":44,"column":97}},"11":{"start":{"line":45,"column":7},"end":{"line":54,"column":9}},"12":{"start":{"line":61,"column":3},"end":{"line":61,"column":9}},"13":{"start":{"line":64,"column":3},"end":{"line":72,"column":18}},"14":{"start":{"line":73,"column":3},"end":{"line":73,"column":9}},"15":{"start":{"line":79,"column":3},"end":{"line":84,"column":4}},"16":{"start":{"line":80,"column":4},"end":{"line":80,"column":32}},"17":{"start":{"line":82,"column":4},"end":{"line":82,"column":29}},"18":{"start":{"line":85,"column":3},"end":{"line":93,"column":16}},"19":{"start":{"line":94,"column":3},"end":{"line":94,"column":9}}},"fnMap":{"0":{"name":"messageObjectIsValid","decl":{"start":{"line":11,"column":9},"end":{"line":11,"column":29}},"loc":{"start":{"line":11,"column":39},"end":{"line":13,"column":1}},"line":11},"1":{"name":"(anonymous_1)","decl":{"start":{"line":14,"column":19},"end":{"line":14,"column":20}},"loc":{"start":{"line":14,"column":42},"end":{"line":21,"column":1}},"line":14},"2":{"name":"(anonymous_2)","decl":{"start":{"line":22,"column":28},"end":{"line":22,"column":29}},"loc":{"start":{"line":22,"column":57},"end":{"line":96,"column":1}},"line":22},"3":{"name":"(anonymous_3)","decl":{"start":{"line":37,"column":19},"end":{"line":37,"column":20}},"loc":{"start":{"line":37,"column":29},"end":{"line":55,"column":7}},"line":37}},"branchMap":{"0":{"loc":{"start":{"line":12,"column":8},"end":{"line":12,"column":74}},"type":"binary-expr","locations":[{"start":{"line":12,"column":8},"end":{"line":12,"column":36}},{"start":{"line":12,"column":40},"end":{"line":12,"column":74}}],"line":12},"1":{"loc":{"start":{"line":25,"column":1},"end":{"line":27,"column":2}},"type":"if","locations":[{"start":{"line":25,"column":1},"end":{"line":27,"column":2}},{"start":{"line":25,"column":1},"end":{"line":27,"column":2}}],"line":25},"2":{"loc":{"start":{"line":28,"column":1},"end":{"line":95,"column":2}},"type":"switch","locations":[{"start":{"line":29,"column":2},"end":{"line":29,"column":24}},{"start":{"line":30,"column":2},"end":{"line":61,"column":9}},{"start":{"line":62,"column":2},"end":{"line":62,"column":16}},{"start":{"line":63,"column":2},"end":{"line":73,"column":9}},{"start":{"line":74,"column":2},"end":{"line":74,"column":14}},{"start":{"line":75,"column":2},"end":{"line":75,"column":15}},{"start":{"line":76,"column":2},"end":{"line":76,"column":16}},{"start":{"line":77,"column":2},"end":{"line":77,"column":15}},{"start":{"line":78,"column":2},"end":{"line":94,"column":9}}],"line":28},"3":{"loc":{"start":{"line":44,"column":23},"end":{"line":44,"column":97}},"type":"cond-expr","locations":[{"start":{"line":44,"column":53},"end":{"line":44,"column":62}},{"start":{"line":44,"column":65},"end":{"line":44,"column":97}}],"line":44},"4":{"loc":{"start":{"line":56,"column":8},"end":{"line":57,"column":20}},"type":"binary-expr","locations":[{"start":{"line":56,"column":8},"end":{"line":56,"column":38}},{"start":{"line":57,"column":7},"end":{"line":57,"column":20}}],"line":56},"5":{"loc":{"start":{"line":69,"column":6},"end":{"line":70,"column":18}},"type":"binary-expr","locations":[{"start":{"line":69,"column":6},"end":{"line":69,"column":36}},{"start":{"line":70,"column":5},"end":{"line":70,"column":18}}],"line":69},"6":{"loc":{"start":{"line":79,"column":3},"end":{"line":84,"column":4}},"type":"if","locations":[{"start":{"line":79,"column":3},"end":{"line":84,"column":4}},{"start":{"line":79,"column":3},"end":{"line":84,"column":4}}],"line":79},"7":{"loc":{"start":{"line":90,"column":6},"end":{"line":91,"column":18}},"type":"binary-expr","locations":[{"start":{"line":90,"column":6},"end":{"line":90,"column":36}},{"start":{"line":91,"column":5},"end":{"line":91,"column":18}}],"line":90}},"s":{"0":28,"1":5,"2":0,"3":5,"4":14,"5":14,"6":0,"7":14,"8":2,"9":6,"10":6,"11":6,"12":0,"13":4,"14":0,"15":8,"16":8,"17":0,"18":8,"19":0},"f":{"0":28,"1":0,"2":14,"3":6},"b":{"0":[28,0],"1":[0,14],"2":[0,2,2,4,2,4,6,6,8],"3":[6,0],"4":[2,0],"5":[4,0],"6":[8,0],"7":[8,0]},"_coverageSchema":"332fd63041d2c1bcb487cc26dd0d5f7d97098a6c","hash":"508926b6d5d24d851a61f6f43afc7f3f651aa59b"}
}
