TN:
SF:/Users/josh/caldera/js-packages/factory/src/fields.fixtures.js
FNF:0
FNH:0
DA:1,8
DA:32,8
DA:49,8
DA:66,8
DA:77,8
DA:90,8
DA:99,8
LF:7
LH:7
BRF:0
BRH:0
end_of_record
TN:
SF:/Users/josh/caldera/js-packages/factory/src/components/Field.js
FN:4,(anonymous_0)
FNF:1
FNH:1
FNDA:25,(anonymous_0)
DA:4,4
DA:7,25
LF:2
LH:2
BRF:0
BRH:0
end_of_record
TN:
SF:/Users/josh/caldera/js-packages/factory/src/components/FieldGroup.js
FN:4,(anonymous_0)
FNF:1
FNH:1
FNDA:5,(anonymous_0)
DA:4,1
DA:7,5
LF:2
LH:2
BRF:0
BRH:0
end_of_record
TN:
SF:/Users/josh/caldera/js-packages/factory/src/components/Fields.js
FN:6,(anonymous_0)
FN:10,(anonymous_1)
FN:13,(anonymous_2)
FNF:3
FNH:3
FNDA:6,(anonymous_0)
FNDA:14,(anonymous_1)
FNDA:2,(anonymous_2)
DA:6,3
DA:9,6
DA:10,14
DA:14,2
DA:25,3
LF:5
LH:5
BRF:0
BRH:0
end_of_record
TN:
SF:/Users/josh/caldera/js-packages/factory/src/components/Row.js
FN:18,(anonymous_0)
FN:25,(anonymous_1)
FNF:2
FNH:2
FNDA:2,(anonymous_0)
FNDA:3,(anonymous_1)
DA:18,2
DA:21,2
DA:31,3
DA:33,3
DA:35,3
DA:61,2
DA:79,2
LF:7
LH:7
BRDA:33,0,0,0
BRDA:33,0,1,3
BRF:2
BRH:1
end_of_record
TN:
SF:/Users/josh/caldera/js-packages/factory/src/components/Rows.js
FN:5,(anonymous_0)
FN:9,(anonymous_1)
FNF:2
FNH:2
FNDA:1,(anonymous_0)
FNDA:2,(anonymous_1)
DA:5,1
DA:8,1
DA:9,2
DA:18,1
LF:4
LH:4
BRF:0
BRH:0
end_of_record
TN:
SF:/Users/josh/caldera/js-packages/factory/src/components/collectFieldValues.js
FN:5,(anonymous_0)
FN:7,(anonymous_1)
FNF:2
FNH:2
FNDA:3,(anonymous_0)
FNDA:5,(anonymous_1)
DA:5,4
DA:6,3
DA:7,3
DA:8,5
DA:10,3
LF:5
LH:5
BRDA:8,0,0,4
BRDA:8,0,1,1
BRF:2
BRH:2
end_of_record
TN:
SF:/Users/josh/caldera/js-packages/factory/src/factories/fieldFactory.js
FN:11,(anonymous_0)
FN:23,(anonymous_1)
FNF:2
FNH:2
FNDA:49,(anonymous_0)
FNDA:9,(anonymous_1)
DA:11,7
DA:12,49
DA:14,49
DA:17,3
DA:29,9
DA:30,9
DA:31,9
DA:44,0
DA:46,3
DA:52,9
DA:56,0
DA:62,34
DA:63,32
DA:65,2
DA:68,34
DA:72,0
LF:16
LH:13
BRDA:14,0,0,0
BRDA:14,0,1,3
BRDA:14,0,2,3
BRDA:14,0,3,7
BRDA:14,0,4,9
BRDA:14,0,5,17
BRDA:14,0,6,22
BRDA:14,0,7,25
BRDA:14,0,8,26
BRDA:14,0,9,34
BRDA:30,1,0,9
BRDA:30,1,1,0
BRDA:62,2,0,32
BRDA:62,2,1,2
BRF:14
BRH:12
end_of_record
TN:
SF:/Users/josh/caldera/js-packages/factory/src/factories/fieldGroupFactory.js
FN:9,(anonymous_0)
FNF:1
FNH:1
FNDA:13,(anonymous_0)
DA:9,2
DA:14,13
DA:15,13
DA:16,13
DA:17,13
LF:5
LH:5
BRDA:15,0,0,13
BRDA:15,0,1,6
BRDA:16,1,0,13
BRDA:16,1,1,6
BRDA:21,2,0,13
BRDA:21,2,1,4
BRDA:28,3,0,13
BRDA:28,3,1,4
BRDA:28,3,2,3
BRF:9
BRH:9
end_of_record
