TN:
SF:/Users/josh/caldera/js-packages/factory/src/fields.fixtures.js
FNF:0
FNH:0
DA:1,8
DA:30,8
DA:47,8
DA:64,8
DA:75,8
DA:88,8
DA:97,8
LF:7
LH:7
BRF:0
BRH:0
end_of_record
TN:
SF:/Users/josh/caldera/js-packages/factory/src/components/Column.js
FN:5,(anonymous_0)
FNF:1
FNH:1
FNDA:8,(anonymous_0)
DA:5,2
DA:6,8
LF:2
LH:2
BRF:0
BRH:0
end_of_record
TN:
SF:/Users/josh/caldera/js-packages/factory/src/components/Field.js
FN:4,(anonymous_0)
FNF:1
FNH:1
FNDA:21,(anonymous_0)
DA:4,2
DA:5,21
LF:2
LH:2
BRF:0
BRH:0
end_of_record
TN:
SF:/Users/josh/caldera/js-packages/factory/src/components/FieldGroup.js
FN:4,(anonymous_0)
FNF:1
FNH:1
FNDA:5,(anonymous_0)
DA:4,1
DA:11,5
LF:2
LH:2
BRF:0
BRH:0
end_of_record
TN:
SF:/Users/josh/caldera/js-packages/factory/src/components/Fields.js
FN:6,(anonymous_0)
FN:8,(anonymous_1)
FN:12,(anonymous_2)
FNF:3
FNH:3
FNDA:3,(anonymous_0)
FNDA:10,(anonymous_1)
FNDA:1,(anonymous_2)
DA:6,1
DA:7,3
DA:9,10
DA:13,1
DA:24,1
LF:5
LH:5
BRF:0
BRH:0
end_of_record
TN:
SF:/Users/josh/caldera/js-packages/factory/src/components/Row.js
FN:17,(anonymous_0)
FN:29,(anonymous_1)
FNF:2
FNH:2
FNDA:3,(anonymous_0)
FNDA:8,(anonymous_1)
DA:17,2
DA:25,3
DA:30,8
DA:32,8
DA:34,8
DA:59,2
DA:71,2
LF:7
LH:7
BRDA:27,0,0,3
BRDA:27,0,1,0
BRDA:32,1,0,0
BRDA:32,1,1,8
BRF:4
BRH:2
end_of_record
TN:
SF:/Users/josh/caldera/js-packages/factory/src/components/Rows.js
FN:5,(anonymous_0)
FN:7,(anonymous_1)
FNF:2
FNH:2
FNDA:1,(anonymous_0)
FNDA:2,(anonymous_1)
DA:5,1
DA:6,1
DA:8,2
DA:19,1
LF:4
LH:4
BRF:0
BRH:0
end_of_record
TN:
SF:/Users/josh/caldera/js-packages/factory/src/components/collectFieldValues.js
FN:5,(anonymous_0)
FN:7,(anonymous_1)
FNF:2
FNH:2
FNDA:2,(anonymous_0)
FNDA:4,(anonymous_1)
DA:5,2
DA:6,2
DA:7,2
DA:8,4
DA:10,2
LF:5
LH:5
BRDA:8,0,0,4
BRDA:8,0,1,0
BRF:2
BRH:1
end_of_record
TN:
SF:/Users/josh/caldera/js-packages/factory/src/factories/fieldFactory.js
FN:10,(anonymous_0)
FN:22,(anonymous_1)
FNF:2
FNH:2
FNDA:45,(anonymous_0)
FNDA:9,(anonymous_1)
DA:10,5
DA:11,45
DA:13,45
DA:16,3
DA:28,9
DA:29,9
DA:32,9
DA:47,0
DA:49,3
DA:52,9
DA:53,0
DA:59,30
DA:60,28
DA:61,28
DA:64,2
DA:66,30
DA:67,0
LF:17
LH:14
BRDA:13,0,0,0
BRDA:13,0,1,3
BRDA:13,0,2,3
BRDA:13,0,3,7
BRDA:13,0,4,9
BRDA:13,0,5,16
BRDA:13,0,6,19
BRDA:13,0,7,22
BRDA:13,0,8,23
BRDA:13,0,9,30
BRDA:29,1,0,9
BRDA:29,1,1,0
BRDA:59,2,0,28
BRDA:59,2,1,2
BRDA:60,3,0,28
BRDA:60,3,1,0
BRF:16
BRH:13
end_of_record
TN:
SF:/Users/josh/caldera/js-packages/factory/src/factories/fieldGroupFactory.js
FN:6,(anonymous_0)
FNF:1
FNH:1
FNDA:13,(anonymous_0)
DA:6,2
DA:13,13
DA:14,13
DA:15,13
DA:16,13
LF:5
LH:5
BRDA:14,0,0,13
BRDA:14,0,1,6
BRDA:15,1,0,13
BRDA:15,1,1,6
BRDA:20,2,0,13
BRDA:20,2,1,4
BRDA:27,3,0,13
BRDA:27,3,1,4
BRDA:27,3,2,3
BRF:9
BRH:9
end_of_record
