<?xml version="1.0" encoding="UTF-8"?>
<coverage generated="1546278673968" clover="3.2.0">
  <project timestamp="1546278673968" name="All files">
    <metrics statements="61" coveredstatements="49" conditionals="32" coveredconditionals="20" methods="11" coveredmethods="6" elements="104" coveredelements="75" complexity="0" loc="61" ncloc="61" packages="3" files="7" classes="7">
      <package name="InputField">
        <metrics statements="9" coveredstatements="9" conditionals="6" coveredconditionals="6" methods="2" coveredmethods="1"/>
        <file name="InputField.js" path="/Users/josh/caldera/js-packages/components/src/components/fields/InputField/InputField.js">
          <metrics statements="9" coveredstatements="9" conditionals="6" coveredconditionals="6" methods="2" coveredmethods="1"/>
          <line num="6" count="4" type="stmt"/>
          <line num="20" count="7" type="cond" truecount="2" falsecount="0"/>
          <line num="21" count="7" type="stmt"/>
          <line num="22" count="7" type="cond" truecount="2" falsecount="0"/>
          <line num="24" count="2" type="cond" truecount="2" falsecount="0"/>
          <line num="25" count="2" type="stmt"/>
          <line num="37" count="5" type="stmt"/>
          <line num="54" count="4" type="stmt"/>
          <line num="72" count="4" type="stmt"/>
        </file>
      </package>
      <package name="SelectField">
        <metrics statements="7" coveredstatements="7" conditionals="4" coveredconditionals="4" methods="1" coveredmethods="1"/>
        <file name="SelectField.js" path="/Users/josh/caldera/js-packages/components/src/components/fields/SelectField/SelectField.js">
          <metrics statements="7" coveredstatements="7" conditionals="4" coveredconditionals="4" methods="1" coveredmethods="1"/>
          <line num="5" count="1" type="stmt"/>
          <line num="17" count="3" type="stmt"/>
          <line num="19" count="3" type="cond" truecount="4" falsecount="0"/>
          <line num="20" count="1" type="stmt"/>
          <line num="24" count="3" type="stmt"/>
          <line num="41" count="1" type="stmt"/>
          <line num="49" count="1" type="stmt"/>
        </file>
      </package>
      <package name="util">
        <metrics statements="45" coveredstatements="33" conditionals="22" coveredconditionals="10" methods="8" coveredmethods="4"/>
        <file name="fieldClassNames.js" path="/Users/josh/caldera/js-packages/components/src/components/fields/util/fieldClassNames.js">
          <metrics statements="2" coveredstatements="2" conditionals="0" coveredconditionals="0" methods="1" coveredmethods="1"/>
          <line num="6" count="5" type="stmt"/>
          <line num="7" count="8" type="stmt"/>
        </file>
        <file name="fieldSetClassNames.js" path="/Users/josh/caldera/js-packages/components/src/components/fields/util/fieldSetClassNames.js">
          <metrics statements="2" coveredstatements="1" conditionals="0" coveredconditionals="0" methods="1" coveredmethods="0"/>
          <line num="6" count="5" type="stmt"/>
          <line num="7" count="0" type="stmt"/>
        </file>
        <file name="index.js" path="/Users/josh/caldera/js-packages/components/src/components/fields/util/index.js">
          <metrics statements="12" coveredstatements="4" conditionals="9" coveredconditionals="0" methods="3" coveredmethods="1"/>
          <line num="13" count="5" type="stmt"/>
          <line num="14" count="7" type="stmt"/>
          <line num="36" count="5" type="stmt"/>
          <line num="37" count="0" type="stmt"/>
          <line num="38" count="0" type="cond" truecount="0" falsecount="2"/>
          <line num="39" count="0" type="stmt"/>
          <line num="41" count="0" type="stmt"/>
          <line num="43" count="0" type="stmt"/>
          <line num="52" count="5" type="stmt"/>
          <line num="53" count="0" type="cond" truecount="0" falsecount="7"/>
          <line num="60" count="0" type="stmt"/>
          <line num="62" count="0" type="stmt"/>
        </file>
        <file name="labelClassNames.js" path="/Users/josh/caldera/js-packages/components/src/components/fields/util/labelClassNames.js">
          <metrics statements="2" coveredstatements="1" conditionals="0" coveredconditionals="0" methods="1" coveredmethods="0"/>
          <line num="6" count="5" type="stmt"/>
          <line num="7" count="0" type="stmt"/>
        </file>
        <file name="parseAttributes.js" path="/Users/josh/caldera/js-packages/components/src/components/fields/util/parseAttributes.js">
          <metrics statements="27" coveredstatements="25" conditionals="13" coveredconditionals="10" methods="2" coveredmethods="2"/>
          <line num="1" count="5" type="stmt"/>
          <line num="15" count="5" type="stmt"/>
          <line num="23" count="5" type="stmt"/>
          <line num="34" count="5" type="stmt"/>
          <line num="41" count="5" type="stmt"/>
          <line num="48" count="5" type="stmt"/>
          <line num="57" count="5" type="cond" truecount="0" falsecount="1"/>
          <line num="59" count="10" type="cond" truecount="8" falsecount="2"/>
          <line num="61" count="1" type="stmt"/>
          <line num="62" count="1" type="stmt"/>
          <line num="65" count="0" type="stmt"/>
          <line num="66" count="0" type="stmt"/>
          <line num="69" count="3" type="stmt"/>
          <line num="70" count="3" type="stmt"/>
          <line num="72" count="2" type="stmt"/>
          <line num="73" count="2" type="stmt"/>
          <line num="75" count="2" type="stmt"/>
          <line num="76" count="2" type="stmt"/>
          <line num="80" count="2" type="stmt"/>
          <line num="81" count="2" type="stmt"/>
          <line num="86" count="10" type="stmt"/>
          <line num="88" count="10" type="stmt"/>
          <line num="92" count="10" type="stmt"/>
          <line num="93" count="20" type="cond" truecount="2" falsecount="0"/>
          <line num="94" count="2" type="stmt"/>
          <line num="95" count="2" type="stmt"/>
          <line num="99" count="10" type="stmt"/>
        </file>
      </package>
    </metrics>
  </project>
</coverage>
