<?xml version="1.0" encoding="UTF-8"?>
<coverage generated="1546304614789" clover="3.2.0">
  <project timestamp="1546304614789" name="All files">
    <metrics statements="94" coveredstatements="94" conditionals="43" coveredconditionals="41" methods="18" coveredmethods="17" elements="155" coveredelements="152" complexity="0" loc="94" ncloc="94" packages="8" files="15" classes="15">
      <package name="components">
        <metrics statements="4" coveredstatements="4" conditionals="4" coveredconditionals="4" methods="1" coveredmethods="1"/>
        <file name="header.js" path="/Users/josh/caldera/js-packages/components/src/components/header.js">
          <metrics statements="4" coveredstatements="4" conditionals="4" coveredconditionals="4" methods="1" coveredmethods="1"/>
          <line num="2" count="1" type="stmt"/>
          <line num="5" count="2" type="stmt"/>
          <line num="6" count="2" type="stmt"/>
          <line num="24" count="2" type="stmt"/>
        </file>
      </package>
      <package name="components.Messages">
        <metrics statements="12" coveredstatements="12" conditionals="6" coveredconditionals="6" methods="2" coveredmethods="2"/>
        <file name="Message.js" path="/Users/josh/caldera/js-packages/components/src/components/Messages/Message.js">
          <metrics statements="7" coveredstatements="7" conditionals="4" coveredconditionals="4" methods="1" coveredmethods="1"/>
          <line num="10" count="1" type="stmt"/>
          <line num="21" count="1" type="stmt"/>
          <line num="22" count="10" type="stmt"/>
          <line num="23" count="10" type="cond" truecount="4" falsecount="0"/>
          <line num="24" count="1" type="stmt"/>
          <line num="26" count="9" type="stmt"/>
          <line num="49" count="1" type="stmt"/>
        </file>
        <file name="messageObjectFactory.js" path="/Users/josh/caldera/js-packages/components/src/components/Messages/messageObjectFactory.js">
          <metrics statements="4" coveredstatements="4" conditionals="2" coveredconditionals="2" methods="1" coveredmethods="1"/>
          <line num="10" count="1" type="stmt"/>
          <line num="11" count="3" type="cond" truecount="2" falsecount="0"/>
          <line num="12" count="1" type="stmt"/>
          <line num="15" count="3" type="stmt"/>
        </file>
        <file name="messagePropTypes.js" path="/Users/josh/caldera/js-packages/components/src/components/Messages/messagePropTypes.js">
          <metrics statements="1" coveredstatements="1" conditionals="0" coveredconditionals="0" methods="0" coveredmethods="0"/>
          <line num="8" count="1" type="stmt"/>
        </file>
      </package>
      <package name="components.fields.FieldSet">
        <metrics statements="4" coveredstatements="4" conditionals="0" coveredconditionals="0" methods="1" coveredmethods="1"/>
        <file name="FieldSet.js" path="/Users/josh/caldera/js-packages/components/src/components/fields/FieldSet/FieldSet.js">
          <metrics statements="4" coveredstatements="4" conditionals="0" coveredconditionals="0" methods="1" coveredmethods="1"/>
          <line num="13" count="1" type="stmt"/>
          <line num="14" count="2" type="stmt"/>
          <line num="15" count="2" type="stmt"/>
          <line num="28" count="1" type="stmt"/>
        </file>
      </package>
      <package name="components.fields.FieldWrapper">
        <metrics statements="3" coveredstatements="3" conditionals="0" coveredconditionals="0" methods="1" coveredmethods="1"/>
        <file name="FieldWrapper.js" path="/Users/josh/caldera/js-packages/components/src/components/fields/FieldWrapper/FieldWrapper.js">
          <metrics statements="3" coveredstatements="3" conditionals="0" coveredconditionals="0" methods="1" coveredmethods="1"/>
          <line num="13" count="1" type="stmt"/>
          <line num="14" count="2" type="stmt"/>
          <line num="24" count="1" type="stmt"/>
        </file>
      </package>
      <package name="components.fields.InputField">
        <metrics statements="9" coveredstatements="9" conditionals="6" coveredconditionals="6" methods="2" coveredmethods="1"/>
        <file name="InputField.js" path="/Users/josh/caldera/js-packages/components/src/components/fields/InputField/InputField.js">
          <metrics statements="9" coveredstatements="9" conditionals="6" coveredconditionals="6" methods="2" coveredmethods="1"/>
          <line num="6" count="4" type="stmt"/>
          <line num="20" count="8" type="cond" truecount="2" falsecount="0"/>
          <line num="21" count="8" type="stmt"/>
          <line num="22" count="8" type="cond" truecount="2" falsecount="0"/>
          <line num="24" count="2" type="cond" truecount="2" falsecount="0"/>
          <line num="25" count="2" type="stmt"/>
          <line num="37" count="6" type="stmt"/>
          <line num="54" count="4" type="stmt"/>
          <line num="72" count="4" type="stmt"/>
        </file>
      </package>
      <package name="components.fields.RadioField">
        <metrics statements="5" coveredstatements="5" conditionals="0" coveredconditionals="0" methods="1" coveredmethods="1"/>
        <file name="RadioField.js" path="/Users/josh/caldera/js-packages/components/src/components/fields/RadioField/RadioField.js">
          <metrics statements="5" coveredstatements="5" conditionals="0" coveredconditionals="0" methods="1" coveredmethods="1"/>
          <line num="5" count="1" type="stmt"/>
          <line num="17" count="2" type="stmt"/>
          <line num="20" count="2" type="stmt"/>
          <line num="37" count="1" type="stmt"/>
          <line num="45" count="1" type="stmt"/>
        </file>
      </package>
      <package name="components.fields.SelectField">
        <metrics statements="7" coveredstatements="7" conditionals="4" coveredconditionals="4" methods="1" coveredmethods="1"/>
        <file name="SelectField.js" path="/Users/josh/caldera/js-packages/components/src/components/fields/SelectField/SelectField.js">
          <metrics statements="7" coveredstatements="7" conditionals="4" coveredconditionals="4" methods="1" coveredmethods="1"/>
          <line num="5" count="1" type="stmt"/>
          <line num="17" count="3" type="stmt"/>
          <line num="19" count="3" type="cond" truecount="4" falsecount="0"/>
          <line num="20" count="1" type="stmt"/>
          <line num="24" count="3" type="stmt"/>
          <line num="41" count="1" type="stmt"/>
          <line num="49" count="1" type="stmt"/>
        </file>
      </package>
      <package name="components.fields.util">
        <metrics statements="50" coveredstatements="50" conditionals="23" coveredconditionals="21" methods="9" coveredmethods="9"/>
        <file name="fieldClassNames.js" path="/Users/josh/caldera/js-packages/components/src/components/fields/util/fieldClassNames.js">
          <metrics statements="2" coveredstatements="2" conditionals="0" coveredconditionals="0" methods="1" coveredmethods="1"/>
          <line num="6" count="10" type="stmt"/>
          <line num="7" count="12" type="stmt"/>
        </file>
        <file name="fieldSetClassNames.js" path="/Users/josh/caldera/js-packages/components/src/components/fields/util/fieldSetClassNames.js">
          <metrics statements="2" coveredstatements="2" conditionals="0" coveredconditionals="0" methods="1" coveredmethods="1"/>
          <line num="6" count="10" type="stmt"/>
          <line num="7" count="3" type="stmt"/>
        </file>
        <file name="fieldWrapperClassNames.js" path="/Users/josh/caldera/js-packages/components/src/components/fields/util/fieldWrapperClassNames.js">
          <metrics statements="2" coveredstatements="2" conditionals="0" coveredconditionals="0" methods="1" coveredmethods="1"/>
          <line num="6" count="10" type="stmt"/>
          <line num="7" count="3" type="stmt"/>
        </file>
        <file name="index.js" path="/Users/josh/caldera/js-packages/components/src/components/fields/util/index.js">
          <metrics statements="12" coveredstatements="12" conditionals="9" coveredconditionals="9" methods="3" coveredmethods="3"/>
          <line num="14" count="10" type="stmt"/>
          <line num="15" count="20" type="stmt"/>
          <line num="37" count="10" type="stmt"/>
          <line num="38" count="10" type="stmt"/>
          <line num="39" count="10" type="cond" truecount="2" falsecount="0"/>
          <line num="40" count="2" type="stmt"/>
          <line num="42" count="8" type="stmt"/>
          <line num="44" count="10" type="stmt"/>
          <line num="53" count="10" type="stmt"/>
          <line num="54" count="11" type="cond" truecount="7" falsecount="0"/>
          <line num="61" count="7" type="stmt"/>
          <line num="63" count="4" type="stmt"/>
        </file>
        <file name="labelClassNames.js" path="/Users/josh/caldera/js-packages/components/src/components/fields/util/labelClassNames.js">
          <metrics statements="2" coveredstatements="2" conditionals="0" coveredconditionals="0" methods="1" coveredmethods="1"/>
          <line num="6" count="10" type="stmt"/>
          <line num="7" count="1" type="stmt"/>
        </file>
        <file name="parseAttributes.js" path="/Users/josh/caldera/js-packages/components/src/components/fields/util/parseAttributes.js">
          <metrics statements="30" coveredstatements="30" conditionals="14" coveredconditionals="12" methods="2" coveredmethods="2"/>
          <line num="1" count="10" type="stmt"/>
          <line num="15" count="10" type="stmt"/>
          <line num="23" count="10" type="stmt"/>
          <line num="34" count="10" type="stmt"/>
          <line num="41" count="10" type="stmt"/>
          <line num="48" count="10" type="stmt"/>
          <line num="54" count="10" type="stmt"/>
          <line num="62" count="10" type="cond" truecount="0" falsecount="1"/>
          <line num="64" count="20" type="cond" truecount="10" falsecount="1"/>
          <line num="66" count="2" type="stmt"/>
          <line num="67" count="2" type="stmt"/>
          <line num="70" count="2" type="stmt"/>
          <line num="71" count="2" type="stmt"/>
          <line num="74" count="3" type="stmt"/>
          <line num="75" count="3" type="stmt"/>
          <line num="77" count="4" type="stmt"/>
          <line num="78" count="4" type="stmt"/>
          <line num="80" count="2" type="stmt"/>
          <line num="81" count="2" type="stmt"/>
          <line num="83" count="3" type="stmt"/>
          <line num="84" count="3" type="stmt"/>
          <line num="88" count="2" type="stmt"/>
          <line num="89" count="2" type="stmt"/>
          <line num="93" count="20" type="stmt"/>
          <line num="95" count="20" type="stmt"/>
          <line num="99" count="20" type="stmt"/>
          <line num="100" count="40" type="cond" truecount="2" falsecount="0"/>
          <line num="101" count="3" type="stmt"/>
          <line num="102" count="3" type="stmt"/>
          <line num="107" count="20" type="stmt"/>
        </file>
      </package>
    </metrics>
  </project>
</coverage>
