{"/Users/josh/caldera/js-packages/components/src/components/fields/InputField/InputField.js": {"path":"/Users/josh/caldera/js-packages/components/src/components/fields/InputField/InputField.js","statementMap":{"0":{"start":{"line":6,"column":26},"end":{"line":52,"column":1}},"1":{"start":{"line":20,"column":19},"end":{"line":20,"column":67}},"2":{"start":{"line":21,"column":21},"end":{"line":21,"column":58}},"3":{"start":{"line":22,"column":1},"end":{"line":51,"column":2}},"4":{"start":{"line":24,"column":18},"end":{"line":24,"column":38}},"5":{"start":{"line":25,"column":2},"end":{"line":34,"column":3}},"6":{"start":{"line":37,"column":2},"end":{"line":50,"column":3}},"7":{"start":{"line":54,"column":0},"end":{"line":70,"column":2}},"8":{"start":{"line":72,"column":0},"end":{"line":77,"column":2}}},"fnMap":{"0":{"name":"(anonymous_0)","decl":{"start":{"line":6,"column":26},"end":{"line":6,"column":27}},"loc":{"start":{"line":18,"column":14},"end":{"line":52,"column":1}},"line":18},"1":{"name":"(anonymous_1)","decl":{"start":{"line":73,"column":9},"end":{"line":73,"column":10}},"loc":{"start":{"line":73,"column":15},"end":{"line":74,"column":2}},"line":73}},"branchMap":{"0":{"loc":{"start":{"line":20,"column":19},"end":{"line":20,"column":67}},"type":"cond-expr","locations":[{"start":{"line":20,"column":49},"end":{"line":20,"column":58}},{"start":{"line":20,"column":61},"end":{"line":20,"column":67}}],"line":20},"1":{"loc":{"start":{"line":22,"column":1},"end":{"line":51,"column":2}},"type":"if","locations":[{"start":{"line":22,"column":1},"end":{"line":51,"column":2}},{"start":{"line":22,"column":1},"end":{"line":51,"column":2}}],"line":22},"2":{"loc":{"start":{"line":24,"column":18},"end":{"line":24,"column":38}},"type":"cond-expr","locations":[{"start":{"line":24,"column":26},"end":{"line":24,"column":30}},{"start":{"line":24,"column":33},"end":{"line":24,"column":38}}],"line":24}},"s":{"0":4,"1":7,"2":7,"3":7,"4":2,"5":2,"6":5,"7":4,"8":4},"f":{"0":7,"1":0},"b":{"0":[6,1],"1":[2,5],"2":[1,1]},"_coverageSchema":"332fd63041d2c1bcb487cc26dd0d5f7d97098a6c","hash":"2189c059c1a11ce6244c69cfb8989f19786cb3d4"}
,"/Users/josh/caldera/js-packages/components/src/components/fields/SelectField/SelectField.js": {"path":"/Users/josh/caldera/js-packages/components/src/components/fields/SelectField/SelectField.js","statementMap":{"0":{"start":{"line":5,"column":28},"end":{"line":38,"column":1}},"1":{"start":{"line":17,"column":1},"end":{"line":17,"column":51}},"2":{"start":{"line":19,"column":1},"end":{"line":23,"column":2}},"3":{"start":{"line":20,"column":2},"end":{"line":22,"column":5}},"4":{"start":{"line":24,"column":1},"end":{"line":37,"column":2}},"5":{"start":{"line":41,"column":0},"end":{"line":47,"column":2}},"6":{"start":{"line":49,"column":0},"end":{"line":52,"column":2}}},"fnMap":{"0":{"name":"(anonymous_0)","decl":{"start":{"line":5,"column":28},"end":{"line":5,"column":29}},"loc":{"start":{"line":15,"column":14},"end":{"line":38,"column":1}},"line":15}},"branchMap":{"0":{"loc":{"start":{"line":19,"column":1},"end":{"line":23,"column":2}},"type":"if","locations":[{"start":{"line":19,"column":1},"end":{"line":23,"column":2}},{"start":{"line":19,"column":1},"end":{"line":23,"column":2}}],"line":19},"1":{"loc":{"start":{"line":19,"column":5},"end":{"line":19,"column":27}},"type":"binary-expr","locations":[{"start":{"line":19,"column":5},"end":{"line":19,"column":12}},{"start":{"line":19,"column":16},"end":{"line":19,"column":27}}],"line":19}},"s":{"0":1,"1":3,"2":3,"3":1,"4":3,"5":1,"6":1},"f":{"0":3},"b":{"0":[1,2],"1":[3,3]},"_coverageSchema":"332fd63041d2c1bcb487cc26dd0d5f7d97098a6c","hash":"8ca1ef9f61f74b0621dc714182afd27bf1e9a79b"}
,"/Users/josh/caldera/js-packages/components/src/components/fields/util/fieldClassNames.js": {"path":"/Users/josh/caldera/js-packages/components/src/components/fields/util/fieldClassNames.js","statementMap":{"0":{"start":{"line":6,"column":31},"end":{"line":9,"column":1}},"1":{"start":{"line":7,"column":1},"end":{"line":7,"column":50}}},"fnMap":{"0":{"name":"(anonymous_0)","decl":{"start":{"line":6,"column":31},"end":{"line":6,"column":32}},"loc":{"start":{"line":6,"column":46},"end":{"line":9,"column":1}},"line":6}},"branchMap":{},"s":{"0":5,"1":8},"f":{"0":8},"b":{},"_coverageSchema":"332fd63041d2c1bcb487cc26dd0d5f7d97098a6c","hash":"e7a7c5aab85e14691fce4fa314eb54d7ddd10d42"}
,"/Users/josh/caldera/js-packages/components/src/components/fields/util/fieldSetClassNames.js": {"path":"/Users/josh/caldera/js-packages/components/src/components/fields/util/fieldSetClassNames.js","statementMap":{"0":{"start":{"line":6,"column":34},"end":{"line":9,"column":1}},"1":{"start":{"line":7,"column":1},"end":{"line":7,"column":56}}},"fnMap":{"0":{"name":"(anonymous_0)","decl":{"start":{"line":6,"column":34},"end":{"line":6,"column":35}},"loc":{"start":{"line":6,"column":49},"end":{"line":9,"column":1}},"line":6}},"branchMap":{},"s":{"0":5,"1":0},"f":{"0":0},"b":{},"_coverageSchema":"332fd63041d2c1bcb487cc26dd0d5f7d97098a6c","hash":"6df7414d92147aa483294407f7d179095c50635c"}
,"/Users/josh/caldera/js-packages/components/src/components/fields/util/index.js": {"path":"/Users/josh/caldera/js-packages/components/src/components/fields/util/index.js","statementMap":{"0":{"start":{"line":13,"column":25},"end":{"line":26,"column":1}},"1":{"start":{"line":14,"column":1},"end":{"line":25,"column":18}},"2":{"start":{"line":36,"column":29},"end":{"line":44,"column":1}},"3":{"start":{"line":37,"column":15},"end":{"line":37,"column":35}},"4":{"start":{"line":38,"column":1},"end":{"line":42,"column":2}},"5":{"start":{"line":39,"column":2},"end":{"line":39,"column":25}},"6":{"start":{"line":41,"column":2},"end":{"line":41,"column":22}},"7":{"start":{"line":43,"column":1},"end":{"line":43,"column":14}},"8":{"start":{"line":52,"column":17},"end":{"line":64,"column":1}},"9":{"start":{"line":53,"column":1},"end":{"line":63,"column":2}},"10":{"start":{"line":60,"column":3},"end":{"line":60,"column":15}},"11":{"start":{"line":62,"column":3},"end":{"line":62,"column":16}}},"fnMap":{"0":{"name":"(anonymous_0)","decl":{"start":{"line":13,"column":25},"end":{"line":13,"column":26}},"loc":{"start":{"line":13,"column":35},"end":{"line":26,"column":1}},"line":13},"1":{"name":"(anonymous_1)","decl":{"start":{"line":36,"column":29},"end":{"line":36,"column":30}},"loc":{"start":{"line":36,"column":46},"end":{"line":44,"column":1}},"line":36},"2":{"name":"(anonymous_2)","decl":{"start":{"line":52,"column":17},"end":{"line":52,"column":18}},"loc":{"start":{"line":52,"column":28},"end":{"line":64,"column":1}},"line":52}},"branchMap":{"0":{"loc":{"start":{"line":38,"column":1},"end":{"line":42,"column":2}},"type":"if","locations":[{"start":{"line":38,"column":1},"end":{"line":42,"column":2}},{"start":{"line":38,"column":1},"end":{"line":42,"column":2}}],"line":38},"1":{"loc":{"start":{"line":53,"column":1},"end":{"line":63,"column":2}},"type":"switch","locations":[{"start":{"line":54,"column":2},"end":{"line":54,"column":12}},{"start":{"line":55,"column":2},"end":{"line":55,"column":14}},{"start":{"line":56,"column":2},"end":{"line":56,"column":9}},{"start":{"line":57,"column":2},"end":{"line":57,"column":11}},{"start":{"line":58,"column":2},"end":{"line":58,"column":12}},{"start":{"line":59,"column":2},"end":{"line":60,"column":15}},{"start":{"line":61,"column":2},"end":{"line":62,"column":16}}],"line":53}},"s":{"0":5,"1":7,"2":5,"3":0,"4":0,"5":0,"6":0,"7":0,"8":5,"9":0,"10":0,"11":0},"f":{"0":7,"1":0,"2":0},"b":{"0":[0,0],"1":[0,0,0,0,0,0,0]},"_coverageSchema":"332fd63041d2c1bcb487cc26dd0d5f7d97098a6c","hash":"e2563ec3a7fedb06457e2a6314a765e9562ab469"}
,"/Users/josh/caldera/js-packages/components/src/components/fields/util/labelClassNames.js": {"path":"/Users/josh/caldera/js-packages/components/src/components/fields/util/labelClassNames.js","statementMap":{"0":{"start":{"line":6,"column":31},"end":{"line":9,"column":1}},"1":{"start":{"line":7,"column":1},"end":{"line":7,"column":62}}},"fnMap":{"0":{"name":"(anonymous_0)","decl":{"start":{"line":6,"column":31},"end":{"line":6,"column":32}},"loc":{"start":{"line":6,"column":46},"end":{"line":9,"column":1}},"line":6}},"branchMap":{},"s":{"0":5,"1":0},"f":{"0":0},"b":{},"_coverageSchema":"332fd63041d2c1bcb487cc26dd0d5f7d97098a6c","hash":"508de86a918b3d0b3cda12bfbaf7ef712713c7f4"}
,"/Users/josh/caldera/js-packages/components/src/components/fields/util/parseAttributes.js": {"path":"/Users/josh/caldera/js-packages/components/src/components/fields/util/parseAttributes.js","statementMap":{"0":{"start":{"line":1,"column":19},"end":{"line":12,"column":1}},"1":{"start":{"line":15,"column":20},"end":{"line":21,"column":1}},"2":{"start":{"line":23,"column":19},"end":{"line":32,"column":1}},"3":{"start":{"line":34,"column":22},"end":{"line":38,"column":1}},"4":{"start":{"line":41,"column":20},"end":{"line":46,"column":1}},"5":{"start":{"line":48,"column":22},"end":{"line":51,"column":1}},"6":{"start":{"line":57,"column":31},"end":{"line":100,"column":1}},"7":{"start":{"line":59,"column":1},"end":{"line":82,"column":2}},"8":{"start":{"line":61,"column":3},"end":{"line":61,"column":45}},"9":{"start":{"line":62,"column":3},"end":{"line":62,"column":9}},"10":{"start":{"line":65,"column":3},"end":{"line":65,"column":47}},"11":{"start":{"line":66,"column":3},"end":{"line":66,"column":9}},"12":{"start":{"line":69,"column":3},"end":{"line":69,"column":45}},"13":{"start":{"line":70,"column":3},"end":{"line":70,"column":9}},"14":{"start":{"line":72,"column":3},"end":{"line":72,"column":44}},"15":{"start":{"line":73,"column":3},"end":{"line":73,"column":9}},"16":{"start":{"line":75,"column":3},"end":{"line":75,"column":46}},"17":{"start":{"line":76,"column":3},"end":{"line":76,"column":9}},"18":{"start":{"line":80,"column":3},"end":{"line":80,"column":24}},"19":{"start":{"line":81,"column":3},"end":{"line":81,"column":9}},"20":{"start":{"line":86,"column":1},"end":{"line":86,"column":58}},"21":{"start":{"line":88,"column":20},"end":{"line":91,"column":2}},"22":{"start":{"line":92,"column":1},"end":{"line":97,"column":4}},"23":{"start":{"line":93,"column":2},"end":{"line":96,"column":3}},"24":{"start":{"line":94,"column":3},"end":{"line":94,"column":51}},"25":{"start":{"line":95,"column":3},"end":{"line":95,"column":27}},"26":{"start":{"line":99,"column":1},"end":{"line":99,"column":19}}},"fnMap":{"0":{"name":"(anonymous_0)","decl":{"start":{"line":57,"column":31},"end":{"line":57,"column":32}},"loc":{"start":{"line":57,"column":63},"end":{"line":100,"column":1}},"line":57},"1":{"name":"(anonymous_1)","decl":{"start":{"line":92,"column":33},"end":{"line":92,"column":34}},"loc":{"start":{"line":92,"column":41},"end":{"line":97,"column":2}},"line":92}},"branchMap":{"0":{"loc":{"start":{"line":57,"column":44},"end":{"line":57,"column":58}},"type":"default-arg","locations":[{"start":{"line":57,"column":54},"end":{"line":57,"column":58}}],"line":57},"1":{"loc":{"start":{"line":59,"column":1},"end":{"line":82,"column":2}},"type":"switch","locations":[{"start":{"line":60,"column":2},"end":{"line":62,"column":9}},{"start":{"line":63,"column":2},"end":{"line":63,"column":19}},{"start":{"line":64,"column":2},"end":{"line":66,"column":9}},{"start":{"line":67,"column":2},"end":{"line":67,"column":17}},{"start":{"line":68,"column":2},"end":{"line":70,"column":9}},{"start":{"line":71,"column":2},"end":{"line":73,"column":9}},{"start":{"line":74,"column":2},"end":{"line":76,"column":9}},{"start":{"line":77,"column":2},"end":{"line":77,"column":14}},{"start":{"line":78,"column":2},"end":{"line":78,"column":17}},{"start":{"line":79,"column":2},"end":{"line":81,"column":9}}],"line":59},"2":{"loc":{"start":{"line":93,"column":2},"end":{"line":96,"column":3}},"type":"if","locations":[{"start":{"line":93,"column":2},"end":{"line":96,"column":3}},{"start":{"line":93,"column":2},"end":{"line":96,"column":3}}],"line":93}},"s":{"0":5,"1":5,"2":5,"3":5,"4":5,"5":5,"6":5,"7":10,"8":1,"9":1,"10":0,"11":0,"12":3,"13":3,"14":2,"15":2,"16":2,"17":2,"18":2,"19":2,"20":10,"21":10,"22":10,"23":20,"24":2,"25":2,"26":10},"f":{"0":10,"1":20},"b":{"0":[0],"1":[1,0,0,3,3,2,2,2,2,2],"2":[2,18]},"_coverageSchema":"332fd63041d2c1bcb487cc26dd0d5f7d97098a6c","hash":"61c6bf8cb6163bba103bb1b1bc2c160d8d38219b"}
}
