{"/Users/josh/caldera/js-packages/components/src/components/header.js": {"path":"/Users/josh/caldera/js-packages/components/src/components/header.js","statementMap":{"0":{"start":{"line":2,"column":14},"end":{"line":2,"column":34}},"1":{"start":{"line":5,"column":37},"end":{"line":5,"column":47}},"2":{"start":{"line":6,"column":17},"end":{"line":23,"column":3}},"3":{"start":{"line":24,"column":2},"end":{"line":32,"column":4}}},"fnMap":{"0":{"name":"(anonymous_0)","decl":{"start":{"line":4,"column":1},"end":{"line":4,"column":2}},"loc":{"start":{"line":4,"column":10},"end":{"line":33,"column":2}},"line":4}},"branchMap":{"0":{"loc":{"start":{"line":22,"column":3},"end":{"line":22,"column":26}},"type":"binary-expr","locations":[{"start":{"line":22,"column":3},"end":{"line":22,"column":20}},{"start":{"line":22,"column":24},"end":{"line":22,"column":26}}],"line":22},"1":{"loc":{"start":{"line":27,"column":5},"end":{"line":27,"column":39}},"type":"cond-expr","locations":[{"start":{"line":27,"column":20},"end":{"line":27,"column":32}},{"start":{"line":27,"column":35},"end":{"line":27,"column":39}}],"line":27}},"s":{"0":1,"1":2,"2":2,"3":2},"f":{"0":2},"b":{"0":[2,2],"1":[1,1]},"_coverageSchema":"332fd63041d2c1bcb487cc26dd0d5f7d97098a6c","hash":"d92af3d9a527bc004d3a19276cba805bc74f163f"}
,"/Users/josh/caldera/js-packages/components/src/components/Messages/Message.js": {"path":"/Users/josh/caldera/js-packages/components/src/components/Messages/Message.js","statementMap":{"0":{"start":{"line":10,"column":29},"end":{"line":10,"column":57}},"1":{"start":{"line":21,"column":23},"end":{"line":42,"column":1}},"2":{"start":{"line":22,"column":25},"end":{"line":22,"column":38}},"3":{"start":{"line":23,"column":1},"end":{"line":25,"column":2}},"4":{"start":{"line":24,"column":2},"end":{"line":24,"column":43}},"5":{"start":{"line":26,"column":1},"end":{"line":41,"column":3}},"6":{"start":{"line":49,"column":0},"end":{"line":52,"column":2}}},"fnMap":{"0":{"name":"(anonymous_0)","decl":{"start":{"line":21,"column":23},"end":{"line":21,"column":24}},"loc":{"start":{"line":21,"column":34},"end":{"line":42,"column":1}},"line":21}},"branchMap":{"0":{"loc":{"start":{"line":23,"column":1},"end":{"line":25,"column":2}},"type":"if","locations":[{"start":{"line":23,"column":1},"end":{"line":25,"column":2}},{"start":{"line":23,"column":1},"end":{"line":25,"column":2}}],"line":23},"1":{"loc":{"start":{"line":23,"column":5},"end":{"line":23,"column":31}},"type":"binary-expr","locations":[{"start":{"line":23,"column":5},"end":{"line":23,"column":13}},{"start":{"line":23,"column":17},"end":{"line":23,"column":31}}],"line":23}},"s":{"0":1,"1":1,"2":10,"3":10,"4":1,"5":9,"6":1},"f":{"0":10},"b":{"0":[1,9],"1":[10,9]},"_coverageSchema":"332fd63041d2c1bcb487cc26dd0d5f7d97098a6c","hash":"0dd058f0521ddb76832a3e8440adc7f1d81743ed"}
,"/Users/josh/caldera/js-packages/components/src/components/Messages/messageObjectFactory.js": {"path":"/Users/josh/caldera/js-packages/components/src/components/Messages/messageObjectFactory.js","statementMap":{"0":{"start":{"line":10,"column":36},"end":{"line":19,"column":1}},"1":{"start":{"line":11,"column":1},"end":{"line":13,"column":2}},"2":{"start":{"line":12,"column":2},"end":{"line":12,"column":15}},"3":{"start":{"line":15,"column":1},"end":{"line":18,"column":3}}},"fnMap":{"0":{"name":"(anonymous_0)","decl":{"start":{"line":10,"column":36},"end":{"line":10,"column":37}},"loc":{"start":{"line":10,"column":57},"end":{"line":19,"column":1}},"line":10}},"branchMap":{"0":{"loc":{"start":{"line":11,"column":1},"end":{"line":13,"column":2}},"type":"if","locations":[{"start":{"line":11,"column":1},"end":{"line":13,"column":2}},{"start":{"line":11,"column":1},"end":{"line":13,"column":2}}],"line":11}},"s":{"0":1,"1":3,"2":1,"3":3},"f":{"0":3},"b":{"0":[1,2]},"_coverageSchema":"332fd63041d2c1bcb487cc26dd0d5f7d97098a6c","hash":"806c3eef0e4d0f822e112d1cc2f241b43372104b"}
,"/Users/josh/caldera/js-packages/components/src/components/Messages/messagePropTypes.js": {"path":"/Users/josh/caldera/js-packages/components/src/components/Messages/messagePropTypes.js","statementMap":{"0":{"start":{"line":8,"column":32},"end":{"line":13,"column":1}}},"fnMap":{},"branchMap":{},"s":{"0":1},"f":{},"b":{},"_coverageSchema":"332fd63041d2c1bcb487cc26dd0d5f7d97098a6c","hash":"15d1891b8c6b79a28d4076bdca4fa6c70a50d03b"}
,"/Users/josh/caldera/js-packages/components/src/components/fields/FieldSet/FieldSet.js": {"path":"/Users/josh/caldera/js-packages/components/src/components/fields/FieldSet/FieldSet.js","statementMap":{"0":{"start":{"line":13,"column":24},"end":{"line":26,"column":1}},"1":{"start":{"line":14,"column":1},"end":{"line":14,"column":56}},"2":{"start":{"line":15,"column":1},"end":{"line":25,"column":3}},"3":{"start":{"line":28,"column":0},"end":{"line":35,"column":2}}},"fnMap":{"0":{"name":"(anonymous_0)","decl":{"start":{"line":13,"column":24},"end":{"line":13,"column":25}},"loc":{"start":{"line":13,"column":71},"end":{"line":26,"column":1}},"line":13}},"branchMap":{},"s":{"0":1,"1":2,"2":2,"3":1},"f":{"0":2},"b":{},"_coverageSchema":"332fd63041d2c1bcb487cc26dd0d5f7d97098a6c","hash":"6f4d343ab295c66fbecc8e69036ffa68f8e0beec"}
,"/Users/josh/caldera/js-packages/components/src/components/fields/InputField/InputField.js": {"path":"/Users/josh/caldera/js-packages/components/src/components/fields/InputField/InputField.js","statementMap":{"0":{"start":{"line":6,"column":26},"end":{"line":52,"column":1}},"1":{"start":{"line":20,"column":19},"end":{"line":20,"column":67}},"2":{"start":{"line":21,"column":21},"end":{"line":21,"column":58}},"3":{"start":{"line":22,"column":1},"end":{"line":51,"column":2}},"4":{"start":{"line":24,"column":18},"end":{"line":24,"column":38}},"5":{"start":{"line":25,"column":2},"end":{"line":34,"column":3}},"6":{"start":{"line":37,"column":2},"end":{"line":50,"column":3}},"7":{"start":{"line":54,"column":0},"end":{"line":70,"column":2}},"8":{"start":{"line":72,"column":0},"end":{"line":77,"column":2}}},"fnMap":{"0":{"name":"(anonymous_0)","decl":{"start":{"line":6,"column":26},"end":{"line":6,"column":27}},"loc":{"start":{"line":18,"column":14},"end":{"line":52,"column":1}},"line":18},"1":{"name":"(anonymous_1)","decl":{"start":{"line":73,"column":9},"end":{"line":73,"column":10}},"loc":{"start":{"line":73,"column":15},"end":{"line":74,"column":2}},"line":73}},"branchMap":{"0":{"loc":{"start":{"line":20,"column":19},"end":{"line":20,"column":67}},"type":"cond-expr","locations":[{"start":{"line":20,"column":49},"end":{"line":20,"column":58}},{"start":{"line":20,"column":61},"end":{"line":20,"column":67}}],"line":20},"1":{"loc":{"start":{"line":22,"column":1},"end":{"line":51,"column":2}},"type":"if","locations":[{"start":{"line":22,"column":1},"end":{"line":51,"column":2}},{"start":{"line":22,"column":1},"end":{"line":51,"column":2}}],"line":22},"2":{"loc":{"start":{"line":24,"column":18},"end":{"line":24,"column":38}},"type":"cond-expr","locations":[{"start":{"line":24,"column":26},"end":{"line":24,"column":30}},{"start":{"line":24,"column":33},"end":{"line":24,"column":38}}],"line":24}},"s":{"0":4,"1":8,"2":8,"3":8,"4":2,"5":2,"6":6,"7":4,"8":4},"f":{"0":8,"1":0},"b":{"0":[7,1],"1":[2,6],"2":[1,1]},"_coverageSchema":"332fd63041d2c1bcb487cc26dd0d5f7d97098a6c","hash":"2189c059c1a11ce6244c69cfb8989f19786cb3d4"}
,"/Users/josh/caldera/js-packages/components/src/components/fields/RadioField/RadioField.js": {"path":"/Users/josh/caldera/js-packages/components/src/components/fields/RadioField/RadioField.js","statementMap":{"0":{"start":{"line":5,"column":27},"end":{"line":34,"column":1}},"1":{"start":{"line":17,"column":1},"end":{"line":17,"column":50}},"2":{"start":{"line":20,"column":1},"end":{"line":33,"column":2}},"3":{"start":{"line":37,"column":0},"end":{"line":43,"column":2}},"4":{"start":{"line":45,"column":0},"end":{"line":48,"column":2}}},"fnMap":{"0":{"name":"(anonymous_0)","decl":{"start":{"line":5,"column":27},"end":{"line":5,"column":28}},"loc":{"start":{"line":15,"column":14},"end":{"line":34,"column":1}},"line":15}},"branchMap":{},"s":{"0":1,"1":2,"2":2,"3":1,"4":1},"f":{"0":2},"b":{},"_coverageSchema":"332fd63041d2c1bcb487cc26dd0d5f7d97098a6c","hash":"c34b5a43b68094c119f61f8309a2fe74a36df247"}
,"/Users/josh/caldera/js-packages/components/src/components/fields/SelectField/SelectField.js": {"path":"/Users/josh/caldera/js-packages/components/src/components/fields/SelectField/SelectField.js","statementMap":{"0":{"start":{"line":5,"column":28},"end":{"line":38,"column":1}},"1":{"start":{"line":17,"column":1},"end":{"line":17,"column":51}},"2":{"start":{"line":19,"column":1},"end":{"line":23,"column":2}},"3":{"start":{"line":20,"column":2},"end":{"line":22,"column":5}},"4":{"start":{"line":24,"column":1},"end":{"line":37,"column":2}},"5":{"start":{"line":41,"column":0},"end":{"line":47,"column":2}},"6":{"start":{"line":49,"column":0},"end":{"line":52,"column":2}}},"fnMap":{"0":{"name":"(anonymous_0)","decl":{"start":{"line":5,"column":28},"end":{"line":5,"column":29}},"loc":{"start":{"line":15,"column":14},"end":{"line":38,"column":1}},"line":15}},"branchMap":{"0":{"loc":{"start":{"line":19,"column":1},"end":{"line":23,"column":2}},"type":"if","locations":[{"start":{"line":19,"column":1},"end":{"line":23,"column":2}},{"start":{"line":19,"column":1},"end":{"line":23,"column":2}}],"line":19},"1":{"loc":{"start":{"line":19,"column":5},"end":{"line":19,"column":27}},"type":"binary-expr","locations":[{"start":{"line":19,"column":5},"end":{"line":19,"column":12}},{"start":{"line":19,"column":16},"end":{"line":19,"column":27}}],"line":19}},"s":{"0":1,"1":3,"2":3,"3":1,"4":3,"5":1,"6":1},"f":{"0":3},"b":{"0":[1,2],"1":[3,3]},"_coverageSchema":"332fd63041d2c1bcb487cc26dd0d5f7d97098a6c","hash":"8ca1ef9f61f74b0621dc714182afd27bf1e9a79b"}
,"/Users/josh/caldera/js-packages/components/src/components/fields/util/fieldClassNames.js": {"path":"/Users/josh/caldera/js-packages/components/src/components/fields/util/fieldClassNames.js","statementMap":{"0":{"start":{"line":6,"column":31},"end":{"line":9,"column":1}},"1":{"start":{"line":7,"column":1},"end":{"line":7,"column":50}}},"fnMap":{"0":{"name":"(anonymous_0)","decl":{"start":{"line":6,"column":31},"end":{"line":6,"column":32}},"loc":{"start":{"line":6,"column":46},"end":{"line":9,"column":1}},"line":6}},"branchMap":{},"s":{"0":9,"1":12},"f":{"0":12},"b":{},"_coverageSchema":"332fd63041d2c1bcb487cc26dd0d5f7d97098a6c","hash":"e7a7c5aab85e14691fce4fa314eb54d7ddd10d42"}
,"/Users/josh/caldera/js-packages/components/src/components/fields/util/fieldSetClassNames.js": {"path":"/Users/josh/caldera/js-packages/components/src/components/fields/util/fieldSetClassNames.js","statementMap":{"0":{"start":{"line":6,"column":34},"end":{"line":9,"column":1}},"1":{"start":{"line":7,"column":1},"end":{"line":7,"column":56}}},"fnMap":{"0":{"name":"(anonymous_0)","decl":{"start":{"line":6,"column":34},"end":{"line":6,"column":35}},"loc":{"start":{"line":6,"column":49},"end":{"line":9,"column":1}},"line":6}},"branchMap":{},"s":{"0":9,"1":3},"f":{"0":3},"b":{},"_coverageSchema":"332fd63041d2c1bcb487cc26dd0d5f7d97098a6c","hash":"6df7414d92147aa483294407f7d179095c50635c"}
,"/Users/josh/caldera/js-packages/components/src/components/fields/util/index.js": {"path":"/Users/josh/caldera/js-packages/components/src/components/fields/util/index.js","statementMap":{"0":{"start":{"line":13,"column":25},"end":{"line":26,"column":1}},"1":{"start":{"line":14,"column":1},"end":{"line":25,"column":18}},"2":{"start":{"line":36,"column":29},"end":{"line":44,"column":1}},"3":{"start":{"line":37,"column":15},"end":{"line":37,"column":35}},"4":{"start":{"line":38,"column":1},"end":{"line":42,"column":2}},"5":{"start":{"line":39,"column":2},"end":{"line":39,"column":25}},"6":{"start":{"line":41,"column":2},"end":{"line":41,"column":22}},"7":{"start":{"line":43,"column":1},"end":{"line":43,"column":14}},"8":{"start":{"line":52,"column":17},"end":{"line":64,"column":1}},"9":{"start":{"line":53,"column":1},"end":{"line":63,"column":2}},"10":{"start":{"line":60,"column":3},"end":{"line":60,"column":15}},"11":{"start":{"line":62,"column":3},"end":{"line":62,"column":16}}},"fnMap":{"0":{"name":"(anonymous_0)","decl":{"start":{"line":13,"column":25},"end":{"line":13,"column":26}},"loc":{"start":{"line":13,"column":35},"end":{"line":26,"column":1}},"line":13},"1":{"name":"(anonymous_1)","decl":{"start":{"line":36,"column":29},"end":{"line":36,"column":30}},"loc":{"start":{"line":36,"column":46},"end":{"line":44,"column":1}},"line":36},"2":{"name":"(anonymous_2)","decl":{"start":{"line":52,"column":17},"end":{"line":52,"column":18}},"loc":{"start":{"line":52,"column":28},"end":{"line":64,"column":1}},"line":52}},"branchMap":{"0":{"loc":{"start":{"line":38,"column":1},"end":{"line":42,"column":2}},"type":"if","locations":[{"start":{"line":38,"column":1},"end":{"line":42,"column":2}},{"start":{"line":38,"column":1},"end":{"line":42,"column":2}}],"line":38},"1":{"loc":{"start":{"line":53,"column":1},"end":{"line":63,"column":2}},"type":"switch","locations":[{"start":{"line":54,"column":2},"end":{"line":54,"column":12}},{"start":{"line":55,"column":2},"end":{"line":55,"column":14}},{"start":{"line":56,"column":2},"end":{"line":56,"column":9}},{"start":{"line":57,"column":2},"end":{"line":57,"column":11}},{"start":{"line":58,"column":2},"end":{"line":58,"column":12}},{"start":{"line":59,"column":2},"end":{"line":60,"column":15}},{"start":{"line":61,"column":2},"end":{"line":62,"column":16}}],"line":53}},"s":{"0":9,"1":20,"2":9,"3":10,"4":10,"5":2,"6":8,"7":10,"8":9,"9":11,"10":7,"11":4},"f":{"0":20,"1":10,"2":11},"b":{"0":[2,8],"1":[1,4,6,7,7,7,4]},"_coverageSchema":"332fd63041d2c1bcb487cc26dd0d5f7d97098a6c","hash":"e2563ec3a7fedb06457e2a6314a765e9562ab469"}
,"/Users/josh/caldera/js-packages/components/src/components/fields/util/labelClassNames.js": {"path":"/Users/josh/caldera/js-packages/components/src/components/fields/util/labelClassNames.js","statementMap":{"0":{"start":{"line":6,"column":31},"end":{"line":9,"column":1}},"1":{"start":{"line":7,"column":1},"end":{"line":7,"column":62}}},"fnMap":{"0":{"name":"(anonymous_0)","decl":{"start":{"line":6,"column":31},"end":{"line":6,"column":32}},"loc":{"start":{"line":6,"column":46},"end":{"line":9,"column":1}},"line":6}},"branchMap":{},"s":{"0":9,"1":1},"f":{"0":1},"b":{},"_coverageSchema":"332fd63041d2c1bcb487cc26dd0d5f7d97098a6c","hash":"508de86a918b3d0b3cda12bfbaf7ef712713c7f4"}
,"/Users/josh/caldera/js-packages/components/src/components/fields/util/parseAttributes.js": {"path":"/Users/josh/caldera/js-packages/components/src/components/fields/util/parseAttributes.js","statementMap":{"0":{"start":{"line":1,"column":19},"end":{"line":12,"column":1}},"1":{"start":{"line":15,"column":20},"end":{"line":21,"column":1}},"2":{"start":{"line":23,"column":19},"end":{"line":32,"column":1}},"3":{"start":{"line":34,"column":22},"end":{"line":38,"column":1}},"4":{"start":{"line":41,"column":20},"end":{"line":46,"column":1}},"5":{"start":{"line":48,"column":22},"end":{"line":51,"column":1}},"6":{"start":{"line":54,"column":19},"end":{"line":56,"column":1}},"7":{"start":{"line":62,"column":31},"end":{"line":108,"column":1}},"8":{"start":{"line":64,"column":1},"end":{"line":90,"column":2}},"9":{"start":{"line":66,"column":3},"end":{"line":66,"column":45}},"10":{"start":{"line":67,"column":3},"end":{"line":67,"column":9}},"11":{"start":{"line":70,"column":3},"end":{"line":70,"column":47}},"12":{"start":{"line":71,"column":3},"end":{"line":71,"column":9}},"13":{"start":{"line":74,"column":3},"end":{"line":74,"column":45}},"14":{"start":{"line":75,"column":3},"end":{"line":75,"column":9}},"15":{"start":{"line":77,"column":3},"end":{"line":77,"column":44}},"16":{"start":{"line":78,"column":3},"end":{"line":78,"column":9}},"17":{"start":{"line":80,"column":3},"end":{"line":80,"column":44}},"18":{"start":{"line":81,"column":3},"end":{"line":81,"column":9}},"19":{"start":{"line":83,"column":3},"end":{"line":83,"column":46}},"20":{"start":{"line":84,"column":3},"end":{"line":84,"column":9}},"21":{"start":{"line":88,"column":3},"end":{"line":88,"column":24}},"22":{"start":{"line":89,"column":3},"end":{"line":89,"column":9}},"23":{"start":{"line":94,"column":1},"end":{"line":94,"column":58}},"24":{"start":{"line":96,"column":20},"end":{"line":99,"column":2}},"25":{"start":{"line":100,"column":1},"end":{"line":105,"column":4}},"26":{"start":{"line":101,"column":2},"end":{"line":104,"column":3}},"27":{"start":{"line":102,"column":3},"end":{"line":102,"column":51}},"28":{"start":{"line":103,"column":3},"end":{"line":103,"column":27}},"29":{"start":{"line":107,"column":1},"end":{"line":107,"column":19}}},"fnMap":{"0":{"name":"(anonymous_0)","decl":{"start":{"line":62,"column":31},"end":{"line":62,"column":32}},"loc":{"start":{"line":62,"column":63},"end":{"line":108,"column":1}},"line":62},"1":{"name":"(anonymous_1)","decl":{"start":{"line":100,"column":33},"end":{"line":100,"column":34}},"loc":{"start":{"line":100,"column":41},"end":{"line":105,"column":2}},"line":100}},"branchMap":{"0":{"loc":{"start":{"line":62,"column":44},"end":{"line":62,"column":58}},"type":"default-arg","locations":[{"start":{"line":62,"column":54},"end":{"line":62,"column":58}}],"line":62},"1":{"loc":{"start":{"line":64,"column":1},"end":{"line":90,"column":2}},"type":"switch","locations":[{"start":{"line":65,"column":2},"end":{"line":67,"column":9}},{"start":{"line":68,"column":2},"end":{"line":68,"column":19}},{"start":{"line":69,"column":2},"end":{"line":71,"column":9}},{"start":{"line":72,"column":2},"end":{"line":72,"column":17}},{"start":{"line":73,"column":2},"end":{"line":75,"column":9}},{"start":{"line":76,"column":2},"end":{"line":78,"column":9}},{"start":{"line":79,"column":3},"end":{"line":81,"column":9}},{"start":{"line":82,"column":2},"end":{"line":84,"column":9}},{"start":{"line":85,"column":2},"end":{"line":85,"column":14}},{"start":{"line":86,"column":2},"end":{"line":86,"column":17}},{"start":{"line":87,"column":2},"end":{"line":89,"column":9}}],"line":64},"2":{"loc":{"start":{"line":101,"column":2},"end":{"line":104,"column":3}},"type":"if","locations":[{"start":{"line":101,"column":2},"end":{"line":104,"column":3}},{"start":{"line":101,"column":2},"end":{"line":104,"column":3}}],"line":101}},"s":{"0":9,"1":9,"2":9,"3":9,"4":9,"5":9,"6":9,"7":9,"8":20,"9":2,"10":2,"11":2,"12":2,"13":3,"14":3,"15":4,"16":4,"17":2,"18":2,"19":3,"20":3,"21":2,"22":2,"23":20,"24":20,"25":20,"26":40,"27":3,"28":3,"29":20},"f":{"0":20,"1":40},"b":{"0":[0],"1":[2,0,2,3,3,4,2,3,2,2,2],"2":[3,37]},"_coverageSchema":"332fd63041d2c1bcb487cc26dd0d5f7d97098a6c","hash":"5006e2eee2e7ebdbbb5afdfe5bea201584dfe57d"}
}
