TN:
SF:/Users/josh/caldera/js-packages/components/src/components/FormsList/Form.js
FN:18,(anonymous_0)
FN:32,(anonymous_1)
FN:42,(anonymous_2)
FN:52,(anonymous_3)
FN:60,(anonymous_4)
FNF:5
FNH:4
FNDA:11,(anonymous_0)
FNDA:0,(anonymous_1)
FNDA:36,(anonymous_2)
FNDA:2,(anonymous_3)
FNDA:11,(anonymous_4)
DA:19,11
DA:20,11
DA:24,11
DA:25,11
DA:26,11
DA:33,0
DA:43,36
DA:44,24
DA:46,12
DA:53,2
DA:62,11
DA:65,11
DA:143,2
DA:151,2
LF:14
LH:13
BRDA:43,0,0,24
BRDA:43,0,1,12
BRDA:43,1,0,36
BRDA:43,1,1,12
BRDA:62,2,0,0
BRDA:62,2,1,11
BRDA:81,3,0,11
BRDA:81,3,1,11
BRDA:99,4,0,11
BRDA:99,4,1,3
BRDA:120,5,0,11
BRDA:120,5,1,8
BRDA:125,6,0,11
BRDA:125,6,1,3
BRF:14
BRH:13
end_of_record
TN:
SF:/Users/josh/caldera/js-packages/components/src/components/FormsList/FormList.js
FN:5,(anonymous_0)
FN:23,(anonymous_1)
FN:30,(anonymous_2)
FNF:3
FNH:3
FNDA:4,(anonymous_0)
FNDA:6,(anonymous_1)
FNDA:1,(anonymous_2)
DA:5,1
DA:6,4
DA:7,4
DA:8,4
DA:24,6
DA:25,6
DA:31,1
DA:45,1
LF:8
LH:8
BRDA:7,0,0,0
BRDA:7,0,1,4
BRF:2
BRH:1
end_of_record
TN:
SF:/Users/josh/caldera/js-packages/components/src/components/FormsList/FormListSort.js
FN:15,(anonymous_0)
FN:34,(anonymous_1)
FN:47,(anonymous_2)
FNF:3
FNH:1
FNDA:2,(anonymous_0)
FNDA:0,(anonymous_1)
FNDA:0,(anonymous_2)
DA:5,1
DA:6,1
DA:15,1
DA:17,2
DA:35,0
DA:39,2
DA:48,0
DA:51,2
DA:65,1
DA:76,1
DA:80,1
LF:11
LH:9
BRF:0
BRH:0
end_of_record
TN:
SF:/Users/josh/caldera/js-packages/components/src/components/FormsList/ShortcodeViewer.js
FN:10,(anonymous_0)
FNF:1
FNH:1
FNDA:13,(anonymous_0)
DA:10,3
DA:11,13
DA:12,1
DA:28,12
DA:38,3
DA:44,3
LF:6
LH:6
BRDA:11,0,0,1
BRDA:11,0,1,12
BRF:2
BRH:2
end_of_record
TN:
SF:/Users/josh/caldera/js-packages/components/src/components/FormsList/sortFormsBy.js
FN:7,(anonymous_0)
FN:8,(anonymous_1)
FN:10,(anonymous_2)
FNF:3
FNH:3
FNDA:2,(anonymous_0)
FNDA:6,(anonymous_1)
FNDA:6,(anonymous_2)
DA:1,1
DA:7,1
DA:8,6
DA:9,2
DA:10,2
DA:11,6
DA:14,2
LF:7
LH:7
BRF:0
BRH:0
end_of_record
