TN:
SF:/Users/josh/caldera/js-packages/components/src/components/header.js
FN:4,(anonymous_0)
FNF:1
FNH:1
FNDA:2,(anonymous_0)
DA:2,1
DA:5,2
DA:6,2
DA:24,2
LF:4
LH:4
BRDA:22,0,0,2
BRDA:22,0,1,2
BRDA:27,1,0,1
BRDA:27,1,1,1
BRF:4
BRH:4
end_of_record
TN:
SF:/Users/josh/caldera/js-packages/components/src/components/Messages/Message.js
FN:21,(anonymous_0)
FNF:1
FNH:1
FNDA:10,(anonymous_0)
DA:10,1
DA:21,1
DA:22,10
DA:23,10
DA:24,1
DA:26,9
DA:49,1
LF:7
LH:7
BRDA:23,0,0,1
BRDA:23,0,1,9
BRDA:23,1,0,10
BRDA:23,1,1,9
BRF:4
BRH:4
end_of_record
TN:
SF:/Users/josh/caldera/js-packages/components/src/components/Messages/messageObjectFactory.js
FN:10,(anonymous_0)
FNF:1
FNH:1
FNDA:3,(anonymous_0)
DA:10,1
DA:11,3
DA:12,1
DA:15,3
LF:4
LH:4
BRDA:11,0,0,1
BRDA:11,0,1,2
BRF:2
BRH:2
end_of_record
TN:
SF:/Users/josh/caldera/js-packages/components/src/components/Messages/messagePropTypes.js
FNF:0
FNH:0
DA:8,1
LF:1
LH:1
BRF:0
BRH:0
end_of_record
TN:
SF:/Users/josh/caldera/js-packages/components/src/components/fields/FieldSet/FieldSet.js
FN:13,(anonymous_0)
FNF:1
FNH:1
FNDA:2,(anonymous_0)
DA:13,1
DA:14,2
DA:15,2
DA:28,1
LF:4
LH:4
BRF:0
BRH:0
end_of_record
TN:
SF:/Users/josh/caldera/js-packages/components/src/components/fields/FieldWrapper/FieldWrapper.js
FN:13,(anonymous_0)
FNF:1
FNH:1
FNDA:2,(anonymous_0)
DA:13,1
DA:14,2
DA:24,1
LF:3
LH:3
BRF:0
BRH:0
end_of_record
TN:
SF:/Users/josh/caldera/js-packages/components/src/components/fields/InputField/InputField.js
FN:6,(anonymous_0)
FN:73,(anonymous_1)
FNF:2
FNH:1
FNDA:8,(anonymous_0)
FNDA:0,(anonymous_1)
DA:6,4
DA:20,8
DA:21,8
DA:22,8
DA:24,2
DA:25,2
DA:37,6
DA:54,4
DA:72,4
LF:9
LH:9
BRDA:20,0,0,7
BRDA:20,0,1,1
BRDA:22,1,0,2
BRDA:22,1,1,6
BRDA:24,2,0,1
BRDA:24,2,1,1
BRF:6
BRH:6
end_of_record
TN:
SF:/Users/josh/caldera/js-packages/components/src/components/fields/RadioField/RadioField.js
FN:5,(anonymous_0)
FNF:1
FNH:1
FNDA:2,(anonymous_0)
DA:5,1
DA:17,2
DA:20,2
DA:37,1
DA:45,1
LF:5
LH:5
BRF:0
BRH:0
end_of_record
TN:
SF:/Users/josh/caldera/js-packages/components/src/components/fields/SelectField/SelectField.js
FN:5,(anonymous_0)
FNF:1
FNH:1
FNDA:3,(anonymous_0)
DA:5,1
DA:17,3
DA:19,3
DA:20,1
DA:24,3
DA:41,1
DA:49,1
LF:7
LH:7
BRDA:19,0,0,1
BRDA:19,0,1,2
BRDA:19,1,0,3
BRDA:19,1,1,3
BRF:4
BRH:4
end_of_record
TN:
SF:/Users/josh/caldera/js-packages/components/src/components/fields/util/fieldClassNames.js
FN:6,(anonymous_0)
FNF:1
FNH:1
FNDA:12,(anonymous_0)
DA:6,10
DA:7,12
LF:2
LH:2
BRF:0
BRH:0
end_of_record
TN:
SF:/Users/josh/caldera/js-packages/components/src/components/fields/util/fieldSetClassNames.js
FN:6,(anonymous_0)
FNF:1
FNH:1
FNDA:3,(anonymous_0)
DA:6,10
DA:7,3
LF:2
LH:2
BRF:0
BRH:0
end_of_record
TN:
SF:/Users/josh/caldera/js-packages/components/src/components/fields/util/fieldWrapperClassNames.js
FN:6,(anonymous_0)
FNF:1
FNH:1
FNDA:3,(anonymous_0)
DA:6,10
DA:7,3
LF:2
LH:2
BRF:0
BRH:0
end_of_record
TN:
SF:/Users/josh/caldera/js-packages/components/src/components/fields/util/index.js
FN:14,(anonymous_0)
FN:37,(anonymous_1)
FN:53,(anonymous_2)
FNF:3
FNH:3
FNDA:20,(anonymous_0)
FNDA:10,(anonymous_1)
FNDA:11,(anonymous_2)
DA:14,10
DA:15,20
DA:37,10
DA:38,10
DA:39,10
DA:40,2
DA:42,8
DA:44,10
DA:53,10
DA:54,11
DA:61,7
DA:63,4
LF:12
LH:12
BRDA:39,0,0,2
BRDA:39,0,1,8
BRDA:54,1,0,1
BRDA:54,1,1,4
BRDA:54,1,2,6
BRDA:54,1,3,7
BRDA:54,1,4,7
BRDA:54,1,5,7
BRDA:54,1,6,4
BRF:9
BRH:9
end_of_record
TN:
SF:/Users/josh/caldera/js-packages/components/src/components/fields/util/labelClassNames.js
FN:6,(anonymous_0)
FNF:1
FNH:1
FNDA:1,(anonymous_0)
DA:6,10
DA:7,1
LF:2
LH:2
BRF:0
BRH:0
end_of_record
TN:
SF:/Users/josh/caldera/js-packages/components/src/components/fields/util/parseAttributes.js
FN:62,(anonymous_0)
FN:99,(anonymous_1)
FNF:2
FNH:2
FNDA:20,(anonymous_0)
FNDA:40,(anonymous_1)
DA:1,10
DA:15,10
DA:23,10
DA:34,10
DA:41,10
DA:48,10
DA:54,10
DA:62,10
DA:64,20
DA:66,2
DA:67,2
DA:70,2
DA:71,2
DA:74,3
DA:75,3
DA:77,4
DA:78,4
DA:80,2
DA:81,2
DA:83,3
DA:84,3
DA:88,2
DA:89,2
DA:93,20
DA:95,20
DA:99,20
DA:100,40
DA:101,3
DA:102,3
DA:107,20
LF:30
LH:30
BRDA:62,0,0,0
BRDA:64,1,0,2
BRDA:64,1,1,0
BRDA:64,1,2,2
BRDA:64,1,3,3
BRDA:64,1,4,3
BRDA:64,1,5,4
BRDA:64,1,6,2
BRDA:64,1,7,3
BRDA:64,1,8,2
BRDA:64,1,9,2
BRDA:64,1,10,2
BRDA:100,2,0,3
BRDA:100,2,1,37
BRF:14
BRH:12
end_of_record
